Using pre-set license
Built from '2021.3/staging' branch; Version is '2021.3.10f1 (1c7d0df0160b) revision 1867021'; Using compiler version '192829333'; Build Type 'Release'
OS: 'Windows 10  (10.0.19043) 64bit Professional' Language: 'fr' Physical Memory: 32512 MB
BatchMode: 1, IsHumanControllingUs: 0, StartBugReporterOnCrash: 0, Is64bit: 1, IsPro: 1

COMMAND LINE ARGUMENTS:
C:\Program Files\Unity\Hub\Editor\2021.3.10f1\Editor\Unity.exe
-adb2
-batchMode
-noUpm
-name
AssetImportWorker0
-projectPath
C:/Users/GAME2/Documents/GitHub/Bowend_GameJam_Unity
-logFile
Logs/AssetImportWorker0.log
-srvPort
62727
Successfully changed project path to: C:/Users/GAME2/Documents/GitHub/Bowend_GameJam_Unity
C:/Users/GAME2/Documents/GitHub/Bowend_GameJam_Unity
[UnityMemory] Configuration Parameters - Can be set up in boot.config
    "memorysetup-bucket-allocator-granularity=16"
    "memorysetup-bucket-allocator-bucket-count=8"
    "memorysetup-bucket-allocator-block-size=33554432"
    "memorysetup-bucket-allocator-block-count=8"
    "memorysetup-main-allocator-block-size=16777216"
    "memorysetup-thread-allocator-block-size=16777216"
    "memorysetup-gfx-main-allocator-block-size=16777216"
    "memorysetup-gfx-thread-allocator-block-size=16777216"
    "memorysetup-cache-allocator-block-size=4194304"
    "memorysetup-typetree-allocator-block-size=2097152"
    "memorysetup-profiler-bucket-allocator-granularity=16"
    "memorysetup-profiler-bucket-allocator-bucket-count=8"
    "memorysetup-profiler-bucket-allocator-block-size=33554432"
    "memorysetup-profiler-bucket-allocator-block-count=8"
    "memorysetup-profiler-allocator-block-size=16777216"
    "memorysetup-profiler-editor-allocator-block-size=1048576"
    "memorysetup-temp-allocator-size-main=16777216"
    "memorysetup-job-temp-allocator-block-size=2097152"
    "memorysetup-job-temp-allocator-block-size-background=1048576"
    "memorysetup-job-temp-allocator-reduction-small-platforms=262144"
    "memorysetup-temp-allocator-size-background-worker=32768"
    "memorysetup-temp-allocator-size-job-worker=262144"
    "memorysetup-temp-allocator-size-preload-manager=33554432"
    "memorysetup-temp-allocator-size-nav-mesh-worker=65536"
    "memorysetup-temp-allocator-size-audio-worker=65536"
    "memorysetup-temp-allocator-size-cloud-worker=32768"
    "memorysetup-temp-allocator-size-gi-baking-worker=262144"
    "memorysetup-temp-allocator-size-gfx=262144"
Refreshing native plugins compatible for Editor in 57.67 ms, found 3 plugins.
Preloading 0 native plugins for Editor in 0.00 ms.
Initialize engine version: 2021.3.10f1 (1c7d0df0160b)
[Subsystems] Discovering subsystems at path C:/Program Files/Unity/Hub/Editor/2021.3.10f1/Editor/Data/Resources/UnitySubsystems
[Subsystems] Discovering subsystems at path C:/Users/GAME2/Documents/GitHub/Bowend_GameJam_Unity/Assets
GfxDevice: creating device client; threaded=0; jobified=0
Direct3D:
    Version:  Direct3D 11.0 [level 11.1]
    Renderer: NVIDIA GeForce RTX 3070 (ID=0x2488)
    Vendor:   NVIDIA
    VRAM:     8043 MB
    Driver:   30.0.15.1295
Initialize mono
Mono path[0] = 'C:/Program Files/Unity/Hub/Editor/2021.3.10f1/Editor/Data/Managed'
Mono path[1] = 'C:/Program Files/Unity/Hub/Editor/2021.3.10f1/Editor/Data/MonoBleedingEdge/lib/mono/unityjit-win32'
Mono config path = 'C:/Program Files/Unity/Hub/Editor/2021.3.10f1/Editor/Data/MonoBleedingEdge/etc'
Using monoOptions --debugger-agent=transport=dt_socket,embedding=1,server=y,suspend=n,address=127.0.0.1:56092
Begin MonoManager ReloadAssembly
Registering precompiled unity dll's ...
Register platform support module: C:/Program Files/Unity/Hub/Editor/2021.3.10f1/Editor/Data/PlaybackEngines/AndroidPlayer/UnityEditor.Android.Extensions.dll
Register platform support module: C:/Program Files/Unity/Hub/Editor/2021.3.10f1/Editor/Data/PlaybackEngines/iOSSupport/UnityEditor.iOS.Extensions.dll
Register platform support module: C:/Program Files/Unity/Hub/Editor/2021.3.10f1/Editor/Data/PlaybackEngines/WindowsStandaloneSupport/UnityEditor.WindowsStandalone.Extensions.dll
Registered in 0.003074 seconds.
Native extension for WindowsStandalone target not found
[usbmuxd] Start listen thread
[usbmuxd] Listen thread started
[usbmuxd] Send listen message
Native extension for iOS target not found
Native extension for Android target not found
Refreshing native plugins compatible for Editor in 69.45 ms, found 3 plugins.
Preloading 0 native plugins for Editor in 0.00 ms.
Mono: successfully reloaded assembly
- Completed reload, in  0.491 seconds
Domain Reload Profiling:
	ReloadAssembly (491ms)
		BeginReloadAssembly (45ms)
			ExecutionOrderSort (0ms)
			DisableScriptedObjects (0ms)
			BackupInstance (0ms)
			ReleaseScriptingObjects (0ms)
			CreateAndSetChildDomain (0ms)
		EndReloadAssembly (369ms)
			LoadAssemblies (45ms)
			RebuildTransferFunctionScriptingTraits (0ms)
			SetupTypeCache (85ms)
			ReleaseScriptCaches (0ms)
			RebuildScriptCaches (21ms)
			SetupLoadedEditorAssemblies (227ms)
				LogAssemblyErrors (0ms)
				InitializePlatformSupportModulesInManaged (48ms)
				SetLoadedEditorAssemblies (0ms)
				RefreshPlugins (70ms)
				BeforeProcessingInitializeOnLoad (1ms)
				ProcessInitializeOnLoadAttributes (74ms)
				ProcessInitializeOnLoadMethodAttributes (35ms)
				AfterProcessingInitializeOnLoad (0ms)
				EditorAssembliesLoaded (0ms)
			ExecutionOrderSort2 (0ms)
			AwakeInstancesAfterBackupRestoration (0ms)
Platform modules already initialized, skipping
Registering precompiled user dll's ...
Registered in 0.004637 seconds.
Begin MonoManager ReloadAssembly
Symbol file LoadedFromMemory doesn't match image C:\Users\GAME2\Documents\GitHub\Bowend_GameJam_Unity\Library\PackageCache\com.unity.visualscripting@1.7.8\Editor\VisualScripting.Core\Dependencies\YamlDotNet\Unity.VisualScripting.YamlDotNet.dll
Symbol file LoadedFromMemory doesn't match image C:\Users\GAME2\Documents\GitHub\Bowend_GameJam_Unity\Library\PackageCache\com.unity.visualscripting@1.7.8\Editor\VisualScripting.Core\Dependencies\DotNetZip\Unity.VisualScripting.IonicZip.dll
Native extension for WindowsStandalone target not found
Native extension for iOS target not found
Native extension for Android target not found
Refreshing native plugins compatible for Editor in 0.44 ms, found 3 plugins.
Preloading 0 native plugins for Editor in 0.00 ms.
Mono: successfully reloaded assembly
- Completed reload, in  0.875 seconds
Domain Reload Profiling:
	ReloadAssembly (876ms)
		BeginReloadAssembly (198ms)
			ExecutionOrderSort (0ms)
			DisableScriptedObjects (5ms)
			BackupInstance (0ms)
			ReleaseScriptingObjects (0ms)
			CreateAndSetChildDomain (138ms)
		EndReloadAssembly (594ms)
			LoadAssemblies (50ms)
			RebuildTransferFunctionScriptingTraits (0ms)
			SetupTypeCache (194ms)
			ReleaseScriptCaches (0ms)
			RebuildScriptCaches (38ms)
			SetupLoadedEditorAssemblies (278ms)
				LogAssemblyErrors (0ms)
				InitializePlatformSupportModulesInManaged (17ms)
				SetLoadedEditorAssemblies (0ms)
				RefreshPlugins (0ms)
				BeforeProcessingInitializeOnLoad (64ms)
				ProcessInitializeOnLoadAttributes (172ms)
				ProcessInitializeOnLoadMethodAttributes (22ms)
				AfterProcessingInitializeOnLoad (3ms)
				EditorAssembliesLoaded (0ms)
			ExecutionOrderSort2 (0ms)
			AwakeInstancesAfterBackupRestoration (4ms)
Platform modules already initialized, skipping
========================================================================
Worker process is ready to serve import requests
Launched and connected shader compiler UnityShaderCompiler.exe after 0.03 seconds
Refreshing native plugins compatible for Editor in 0.46 ms, found 3 plugins.
Preloading 0 native plugins for Editor in 0.00 ms.
Unloading 3447 Unused Serialized files (Serialized files now loaded: 0)
Unloading 27 unused Assets / (113.3 KB). Loaded Objects now: 3907.
Memory consumption went from 120.0 MB to 119.9 MB.
Total: 2.714300 ms (FindLiveObjects: 0.201000 ms CreateObjectMapping: 0.109000 ms MarkObjects: 2.312700 ms  DeleteObjects: 0.090800 ms)

AssetImportParameters requested are different than current active one (requested -> active):
  custom:video-decoder-ogg-theora: a1e56fd34408186e4bbccfd4996cb3dc -> 
  custom:container-muxer-webm: aa71ff27fc2769a1b78a27578f13a17b -> 
  custom:container-demuxer-webm: 4f35f7cbe854078d1ac9338744f61a02 -> 
  custom:video-encoder-webm-vp8: eb34c28f22e8b96e1ab97ce403110664 -> 
  custom:audio-encoder-webm-vorbis: bf7c407c2cedff20999df2af8eb42d56 -> 
  custom:framework-win-MediaFoundation: 216162199b28c13a410421893ffa2e32 -> 
  custom:container-demuxer-ogg: 62fdf1f143b41e24485cea50d1cbac27 -> 
  custom:video-decoder-webm-vp8: 9c59270c3fd7afecdb556c50c9e8de78 -> 
  custom:audio-decoder-ogg-vorbis: bf7c407c2cedff20999df2af8eb42d56 -> 
========================================================================
Received Import Request.
  Time since last request: 578873.877814 seconds.
  path: Assets/Texture/blue_boxCheckmark.png
  artifactKey: Guid(39d853c010d067148b8a6608396f3f3c) Importer(815301076,1909f56bfc062723c751e8b465ee728b)
Start importing Assets/Texture/blue_boxCheckmark.png using Guid(39d853c010d067148b8a6608396f3f3c) Importer(815301076,1909f56bfc062723c751e8b465ee728b)  -> (artifact id: 'b9acdde63290ae974aeb809b10359fa0') in 0.066700 seconds 
========================================================================
Received Import Request.
  Time since last request: 0.000022 seconds.
  path: Assets/Texture/blue_sliderDown.png
  artifactKey: Guid(81b0c249760611b47ab0c32a42067d51) Importer(815301076,1909f56bfc062723c751e8b465ee728b)
Start importing Assets/Texture/blue_sliderDown.png using Guid(81b0c249760611b47ab0c32a42067d51) Importer(815301076,1909f56bfc062723c751e8b465ee728b)  -> (artifact id: 'bc9f629eae1c6d2af01ca7d510eac5fe') in 0.009097 seconds 
========================================================================
Received Import Request.
  Time since last request: 0.000030 seconds.
  path: Assets/Texture/blue_button05.png
  artifactKey: Guid(b519a2c55fce51c4f95ce398ecee4342) Importer(815301076,1909f56bfc062723c751e8b465ee728b)
Start importing Assets/Texture/blue_button05.png using Guid(b519a2c55fce51c4f95ce398ecee4342) Importer(815301076,1909f56bfc062723c751e8b465ee728b)  -> (artifact id: '90e48c1cb37cf56520f10f75723de38e') in 0.011224 seconds 
========================================================================
Received Import Request.
  Time since last request: 0.000019 seconds.
  path: Assets/Texture/blue_button12.png
  artifactKey: Guid(bea6b666b3e34764cb7edd81edd0b71c) Importer(815301076,1909f56bfc062723c751e8b465ee728b)
Start importing Assets/Texture/blue_button12.png using Guid(bea6b666b3e34764cb7edd81edd0b71c) Importer(815301076,1909f56bfc062723c751e8b465ee728b)  -> (artifact id: '79663eae25586a4c13997e16ac8f5b0f') in 0.011307 seconds 
========================================================================
Received Import Request.
  Time since last request: 0.000018 seconds.
  path: Assets/Texture/blue_button09.png
  artifactKey: Guid(6b3f7626fcc54a54687f8de495c35ae9) Importer(815301076,1909f56bfc062723c751e8b465ee728b)
Start importing Assets/Texture/blue_button09.png using Guid(6b3f7626fcc54a54687f8de495c35ae9) Importer(815301076,1909f56bfc062723c751e8b465ee728b)  -> (artifact id: '7657e0299b2da4f8e9232bb53de82aca') in 0.008157 seconds 
========================================================================
Received Import Request.
  Time since last request: 0.000014 seconds.
  path: Assets/Texture/blue_checkmark.png
  artifactKey: Guid(9e9146ebb60786a4e98f046bea7349e0) Importer(815301076,1909f56bfc062723c751e8b465ee728b)
Start importing Assets/Texture/blue_checkmark.png using Guid(9e9146ebb60786a4e98f046bea7349e0) Importer(815301076,1909f56bfc062723c751e8b465ee728b)  -> (artifact id: '701704a3e637f1f34b35c03283db8380') in 0.010008 seconds 
========================================================================
Received Import Request.
  Time since last request: 0.000019 seconds.
  path: Assets/Texture/blue_button03.png
  artifactKey: Guid(013530f8f2fc1dc4896e998ee91f12e6) Importer(815301076,1909f56bfc062723c751e8b465ee728b)
Start importing Assets/Texture/blue_button03.png using Guid(013530f8f2fc1dc4896e998ee91f12e6) Importer(815301076,1909f56bfc062723c751e8b465ee728b)  -> (artifact id: '94e88339231bd5296666b7ab5a4f2f90') in 0.012867 seconds 
========================================================================
Received Import Request.
  Time since last request: 0.000017 seconds.
  path: Assets/Texture/blue_sliderLeft.png
  artifactKey: Guid(c0ec6a7a84d73d443b3f46e12d8bde99) Importer(815301076,1909f56bfc062723c751e8b465ee728b)
Start importing Assets/Texture/blue_sliderLeft.png using Guid(c0ec6a7a84d73d443b3f46e12d8bde99) Importer(815301076,1909f56bfc062723c751e8b465ee728b)  -> (artifact id: '6684c612046424e4352e337f9e08e37d') in 0.009656 seconds 
========================================================================
Received Import Request.
  Time since last request: 0.000018 seconds.
  path: Assets/Texture/blue_button04.png
  artifactKey: Guid(d25dfa582a3f1a147a2391593d6571a8) Importer(815301076,1909f56bfc062723c751e8b465ee728b)
Start importing Assets/Texture/blue_button04.png using Guid(d25dfa582a3f1a147a2391593d6571a8) Importer(815301076,1909f56bfc062723c751e8b465ee728b)  -> (artifact id: 'd6c1729b42ab8f12792ef220cd7cbd81') in 0.011037 seconds 
========================================================================
Received Import Request.
  Time since last request: 0.000019 seconds.
  path: Assets/Texture/blue_cross.png
  artifactKey: Guid(cb625d1767f46fb4594baec3ce11e8bc) Importer(815301076,1909f56bfc062723c751e8b465ee728b)
Start importing Assets/Texture/blue_cross.png using Guid(cb625d1767f46fb4594baec3ce11e8bc) Importer(815301076,1909f56bfc062723c751e8b465ee728b)  -> (artifact id: '476dd4c27d2e2d9fb03b9f8d85f6e5f1') in 0.008781 seconds 
========================================================================
Received Import Request.
  Time since last request: 0.000016 seconds.
  path: Assets/Texture/blue_button11.png
  artifactKey: Guid(77215ff062dd66444be46f3ebd72a97a) Importer(815301076,1909f56bfc062723c751e8b465ee728b)
Start importing Assets/Texture/blue_button11.png using Guid(77215ff062dd66444be46f3ebd72a97a) Importer(815301076,1909f56bfc062723c751e8b465ee728b)  -> (artifact id: '17b5df50b363a943c716df0310c1e347') in 0.008083 seconds 
========================================================================
Received Import Request.
  Time since last request: 0.000019 seconds.
  path: Assets/Texture/blue_sliderRight.png
  artifactKey: Guid(9cd350e4ecd27ea4bb2b8c2ac3e93153) Importer(815301076,1909f56bfc062723c751e8b465ee728b)
Start importing Assets/Texture/blue_sliderRight.png using Guid(9cd350e4ecd27ea4bb2b8c2ac3e93153) Importer(815301076,1909f56bfc062723c751e8b465ee728b)  -> (artifact id: '660c38e99ab172680583fb1cc903f57d') in 0.008944 seconds 
========================================================================
Received Import Request.
  Time since last request: 0.000018 seconds.
  path: Assets/Texture/blue_tick.png
  artifactKey: Guid(541cd4a44c05a714998d847bdc8df75d) Importer(815301076,1909f56bfc062723c751e8b465ee728b)
Start importing Assets/Texture/blue_tick.png using Guid(541cd4a44c05a714998d847bdc8df75d) Importer(815301076,1909f56bfc062723c751e8b465ee728b)  -> (artifact id: 'df07bad561e34912049ff4d45be40658') in 0.007775 seconds 
========================================================================
Received Import Request.
  Time since last request: 0.601167 seconds.
  path: Assets/Texture/dropdownBottom.png
  artifactKey: Guid(6c588d9daa4a8fc489c6494ec0de7c47) Importer(815301076,1909f56bfc062723c751e8b465ee728b)
Start importing Assets/Texture/dropdownBottom.png using Guid(6c588d9daa4a8fc489c6494ec0de7c47) Importer(815301076,1909f56bfc062723c751e8b465ee728b)  -> (artifact id: '55c15ed626e3bbc275a6b85d888544c9') in 0.008429 seconds 
========================================================================
Received Import Request.
  Time since last request: 0.000015 seconds.
  path: Assets/Texture/green_boxCheckmark.png
  artifactKey: Guid(f3aca099a5b0b9644969b276f32aea62) Importer(815301076,1909f56bfc062723c751e8b465ee728b)
Start importing Assets/Texture/green_boxCheckmark.png using Guid(f3aca099a5b0b9644969b276f32aea62) Importer(815301076,1909f56bfc062723c751e8b465ee728b)  -> (artifact id: '9617cd0330197df6ba86d8952717b495') in 0.007675 seconds 
========================================================================
Received Import Request.
  Time since last request: 0.022948 seconds.
  path: Assets/Texture/green_boxTick.png
  artifactKey: Guid(03758d187b84a2f42928b061b8cfaca8) Importer(815301076,1909f56bfc062723c751e8b465ee728b)
Start importing Assets/Texture/green_boxTick.png using Guid(03758d187b84a2f42928b061b8cfaca8) Importer(815301076,1909f56bfc062723c751e8b465ee728b)  -> (artifact id: 'b38955ac548350012b58a3286405fd5d') in 0.006587 seconds 
========================================================================
Received Import Request.
  Time since last request: 0.000014 seconds.
  path: Assets/Texture/green_button02.png
  artifactKey: Guid(6372bef08de332e499c668bc9e7c6338) Importer(815301076,1909f56bfc062723c751e8b465ee728b)
Start importing Assets/Texture/green_button02.png using Guid(6372bef08de332e499c668bc9e7c6338) Importer(815301076,1909f56bfc062723c751e8b465ee728b)  -> (artifact id: '9efb2ee3194a802b4f0091b5c17e7990') in 0.007375 seconds 
========================================================================
Received Import Request.
  Time since last request: 0.000020 seconds.
  path: Assets/Texture/green_button03.png
  artifactKey: Guid(61ffcd6ff11f2754ca3718a51457cf02) Importer(815301076,1909f56bfc062723c751e8b465ee728b)
Start importing Assets/Texture/green_button03.png using Guid(61ffcd6ff11f2754ca3718a51457cf02) Importer(815301076,1909f56bfc062723c751e8b465ee728b)  -> (artifact id: '64bef0861f55498d47e088ea2fd6ef76') in 0.007687 seconds 
========================================================================
Received Import Request.
  Time since last request: 0.000029 seconds.
  path: Assets/Texture/green_button08.png
  artifactKey: Guid(c21c726441b9ec14aa506f08345139ea) Importer(815301076,1909f56bfc062723c751e8b465ee728b)
Start importing Assets/Texture/green_button08.png using Guid(c21c726441b9ec14aa506f08345139ea) Importer(815301076,1909f56bfc062723c751e8b465ee728b)  -> (artifact id: 'b52d6be81a9bf0af0ae10bcf6956f880') in 0.035387 seconds 
========================================================================
Received Import Request.
  Time since last request: 0.000014 seconds.
  path: Assets/Texture/green_button10.png
  artifactKey: Guid(85e9f3b050e79884798f7c4903eec2fe) Importer(815301076,1909f56bfc062723c751e8b465ee728b)
Start importing Assets/Texture/green_button10.png using Guid(85e9f3b050e79884798f7c4903eec2fe) Importer(815301076,1909f56bfc062723c751e8b465ee728b)  -> (artifact id: 'c16e0c60cd4b417ad13027e1c17e1cec') in 0.007653 seconds 
========================================================================
Received Import Request.
  Time since last request: 0.000018 seconds.
  path: Assets/Texture/green_button09.png
  artifactKey: Guid(22430e540a7b5ad449efc1c06c2640ef) Importer(815301076,1909f56bfc062723c751e8b465ee728b)
Start importing Assets/Texture/green_button09.png using Guid(22430e540a7b5ad449efc1c06c2640ef) Importer(815301076,1909f56bfc062723c751e8b465ee728b)  -> (artifact id: '4aa8cdc8d9ae8b2f14518d7c314de838') in 0.006997 seconds 
========================================================================
Received Import Request.
  Time since last request: 0.000016 seconds.
  path: Assets/Texture/green_button11.png
  artifactKey: Guid(53ea46e84bd444840a8d02a7326e750e) Importer(815301076,1909f56bfc062723c751e8b465ee728b)
Start importing Assets/Texture/green_button11.png using Guid(53ea46e84bd444840a8d02a7326e750e) Importer(815301076,1909f56bfc062723c751e8b465ee728b)  -> (artifact id: 'ef700e0ac315476e824947365ff7acf5') in 0.009029 seconds 
========================================================================
Received Import Request.
  Time since last request: 0.000021 seconds.
  path: Assets/Texture/green_circle.png
  artifactKey: Guid(a2da0d10181643244a11003cfa9c985d) Importer(815301076,1909f56bfc062723c751e8b465ee728b)
Start importing Assets/Texture/green_circle.png using Guid(a2da0d10181643244a11003cfa9c985d) Importer(815301076,1909f56bfc062723c751e8b465ee728b)  -> (artifact id: '38771f4071d76c727c68a09f4c079985') in 0.006826 seconds 
========================================================================
Received Import Request.
  Time since last request: 0.000024 seconds.
  path: Assets/Texture/green_cross.png
  artifactKey: Guid(6e47f09c35521b94a962c27bb6e7b011) Importer(815301076,1909f56bfc062723c751e8b465ee728b)
Start importing Assets/Texture/green_cross.png using Guid(6e47f09c35521b94a962c27bb6e7b011) Importer(815301076,1909f56bfc062723c751e8b465ee728b)  -> (artifact id: '38cb80880ff4520ec346ce09f2388e7c') in 0.007367 seconds 
========================================================================
Received Import Request.
  Time since last request: 0.000017 seconds.
  path: Assets/Texture/green_button12.png
  artifactKey: Guid(91b5a5fdb9d2275489e198ea8b23dc84) Importer(815301076,1909f56bfc062723c751e8b465ee728b)
Start importing Assets/Texture/green_button12.png using Guid(91b5a5fdb9d2275489e198ea8b23dc84) Importer(815301076,1909f56bfc062723c751e8b465ee728b)  -> (artifact id: '878fa456754ce995de405ccf6d7682cf') in 0.006870 seconds 
========================================================================
Received Import Request.
  Time since last request: 0.242042 seconds.
  path: Assets/Texture/green_sliderLeft.png
  artifactKey: Guid(67b13ac8e1cfe3347bb195d95a4ec749) Importer(815301076,1909f56bfc062723c751e8b465ee728b)
Start importing Assets/Texture/green_sliderLeft.png using Guid(67b13ac8e1cfe3347bb195d95a4ec749) Importer(815301076,1909f56bfc062723c751e8b465ee728b)  -> (artifact id: '6fb54e35db8ba396d7aa03ed12c10f8d') in 0.007083 seconds 
========================================================================
Received Import Request.
  Time since last request: 0.000017 seconds.
  path: Assets/Texture/green_tick.png
  artifactKey: Guid(7fa3a6fa7cf13514a835c8ea7c86b160) Importer(815301076,1909f56bfc062723c751e8b465ee728b)
Start importing Assets/Texture/green_tick.png using Guid(7fa3a6fa7cf13514a835c8ea7c86b160) Importer(815301076,1909f56bfc062723c751e8b465ee728b)  -> (artifact id: 'b9b48434d5edabf64846e03746f8b869') in 0.008486 seconds 
========================================================================
Received Import Request.
  Time since last request: 0.005942 seconds.
  path: Assets/Texture/grey_arrowDownWhite.png
  artifactKey: Guid(39c1d39e3e55a8c478276d88c2103e5d) Importer(815301076,1909f56bfc062723c751e8b465ee728b)
Start importing Assets/Texture/grey_arrowDownWhite.png using Guid(39c1d39e3e55a8c478276d88c2103e5d) Importer(815301076,1909f56bfc062723c751e8b465ee728b)  -> (artifact id: '17c2c79027a252570be14785593bf11f') in 0.007959 seconds 
========================================================================
Received Import Request.
  Time since last request: 0.000022 seconds.
  path: Assets/Texture/grey_box.png
  artifactKey: Guid(b0c3907a1b1ee7849be78aea6d7986c9) Importer(815301076,1909f56bfc062723c751e8b465ee728b)
Start importing Assets/Texture/grey_box.png using Guid(b0c3907a1b1ee7849be78aea6d7986c9) Importer(815301076,1909f56bfc062723c751e8b465ee728b)  -> (artifact id: '89d71ba0ceda1ef4e09d983427050086') in 0.010082 seconds 
========================================================================
Received Import Request.
  Time since last request: 0.000023 seconds.
  path: Assets/Texture/grey_button02.png
  artifactKey: Guid(90aa619c35fcd9a41a58434e45480ae8) Importer(815301076,1909f56bfc062723c751e8b465ee728b)
Start importing Assets/Texture/grey_button02.png using Guid(90aa619c35fcd9a41a58434e45480ae8) Importer(815301076,1909f56bfc062723c751e8b465ee728b)  -> (artifact id: 'a70f5f4ca95529a84e8ef79367720d40') in 0.008247 seconds 
========================================================================
Received Import Request.
  Time since last request: 0.000019 seconds.
  path: Assets/Texture/grey_button07.png
  artifactKey: Guid(5c4f4bcb8b6792d40a265a8fe99da223) Importer(815301076,1909f56bfc062723c751e8b465ee728b)
Start importing Assets/Texture/grey_button07.png using Guid(5c4f4bcb8b6792d40a265a8fe99da223) Importer(815301076,1909f56bfc062723c751e8b465ee728b)  -> (artifact id: 'bb3e05cba845c088f835a3038ed582e9') in 0.007139 seconds 
========================================================================
Received Import Request.
  Time since last request: 0.000028 seconds.
  path: Assets/Texture/grey_button03.png
  artifactKey: Guid(f76a2cde1f006a74aa6a519d06228d56) Importer(815301076,1909f56bfc062723c751e8b465ee728b)
Start importing Assets/Texture/grey_button03.png using Guid(f76a2cde1f006a74aa6a519d06228d56) Importer(815301076,1909f56bfc062723c751e8b465ee728b)  -> (artifact id: '2ec6c52857cc5571a76ca7cb93c82b18') in 0.007725 seconds 
========================================================================
Received Import Request.
  Time since last request: 0.000021 seconds.
  path: Assets/Texture/grey_arrowUpWhite.png
  artifactKey: Guid(b6c349bfe46be6a418506451b196b8d6) Importer(815301076,1909f56bfc062723c751e8b465ee728b)
Start importing Assets/Texture/grey_arrowUpWhite.png using Guid(b6c349bfe46be6a418506451b196b8d6) Importer(815301076,1909f56bfc062723c751e8b465ee728b)  -> (artifact id: 'a53a5f25e152e4f7450be19191ef804a') in 0.007000 seconds 
========================================================================
Received Import Request.
  Time since last request: 0.000019 seconds.
  path: Assets/Texture/grey_button05.png
  artifactKey: Guid(86421f8377a38874ea2fac70b61b7703) Importer(815301076,1909f56bfc062723c751e8b465ee728b)
Start importing Assets/Texture/grey_button05.png using Guid(86421f8377a38874ea2fac70b61b7703) Importer(815301076,1909f56bfc062723c751e8b465ee728b)  -> (artifact id: '25b81f13d1ee7b5becf5ff1a886a12ee') in 0.008069 seconds 
========================================================================
Received Import Request.
  Time since last request: 0.000021 seconds.
  path: Assets/Texture/grey_button11.png
  artifactKey: Guid(40b73600c813c564f830e133048c06ba) Importer(815301076,1909f56bfc062723c751e8b465ee728b)
Start importing Assets/Texture/grey_button11.png using Guid(40b73600c813c564f830e133048c06ba) Importer(815301076,1909f56bfc062723c751e8b465ee728b)  -> (artifact id: 'ef7aa38491a70f72d72d650f9efd46b9') in 0.007168 seconds 
========================================================================
Received Import Request.
  Time since last request: 0.000018 seconds.
  path: Assets/Texture/grey_button09.png
  artifactKey: Guid(4ca89b612e5da014fbade12ea1a00f88) Importer(815301076,1909f56bfc062723c751e8b465ee728b)
Start importing Assets/Texture/grey_button09.png using Guid(4ca89b612e5da014fbade12ea1a00f88) Importer(815301076,1909f56bfc062723c751e8b465ee728b)  -> (artifact id: '0b950823ff1cb26565b51a061283887a') in 0.006391 seconds 
========================================================================
Received Import Request.
  Time since last request: 0.000018 seconds.
  path: Assets/Texture/grey_boxCross.png
  artifactKey: Guid(374d2eacc16d95445a23d71e6c998f84) Importer(815301076,1909f56bfc062723c751e8b465ee728b)
Start importing Assets/Texture/grey_boxCross.png using Guid(374d2eacc16d95445a23d71e6c998f84) Importer(815301076,1909f56bfc062723c751e8b465ee728b)  -> (artifact id: '855e7d9a898b96fcc769acfeb5280c49') in 0.006793 seconds 
========================================================================
Received Import Request.
  Time since last request: 0.206566 seconds.
  path: Assets/Texture/grey_button13.png
  artifactKey: Guid(99c2d53684f8c5947aacdbe494aa6f3a) Importer(815301076,1909f56bfc062723c751e8b465ee728b)
Start importing Assets/Texture/grey_button13.png using Guid(99c2d53684f8c5947aacdbe494aa6f3a) Importer(815301076,1909f56bfc062723c751e8b465ee728b)  -> (artifact id: 'e1b28a4dcd66d864205afe922927d788') in 0.008550 seconds 
========================================================================
Received Import Request.
  Time since last request: 0.000017 seconds.
  path: Assets/Texture/grey_checkmarkWhite.png
  artifactKey: Guid(c45314ba641314c469b46671b67e5c5e) Importer(815301076,1909f56bfc062723c751e8b465ee728b)
Start importing Assets/Texture/grey_checkmarkWhite.png using Guid(c45314ba641314c469b46671b67e5c5e) Importer(815301076,1909f56bfc062723c751e8b465ee728b)  -> (artifact id: '8378198c0b0ed978ac022853ef596050') in 0.008507 seconds 
========================================================================
Received Import Request.
  Time since last request: 0.000017 seconds.
  path: Assets/Texture/grey_sliderDown.png
  artifactKey: Guid(3f792446a1f448a47b4d0b6b04522394) Importer(815301076,1909f56bfc062723c751e8b465ee728b)
Start importing Assets/Texture/grey_sliderDown.png using Guid(3f792446a1f448a47b4d0b6b04522394) Importer(815301076,1909f56bfc062723c751e8b465ee728b)  -> (artifact id: '2cc0345524376c9a09197415c00fb2d5') in 0.007333 seconds 
========================================================================
Received Import Request.
  Time since last request: 0.000018 seconds.
  path: Assets/Texture/grey_panel.png
  artifactKey: Guid(173fd5b0e7ed9954f9278699e1ed55c5) Importer(815301076,1909f56bfc062723c751e8b465ee728b)
Start importing Assets/Texture/grey_panel.png using Guid(173fd5b0e7ed9954f9278699e1ed55c5) Importer(815301076,1909f56bfc062723c751e8b465ee728b)  -> (artifact id: '6604ca29eaa50bb0006ee70695ef466c') in 0.007958 seconds 
========================================================================
Received Import Request.
  Time since last request: 0.000014 seconds.
  path: Assets/Texture/grey_sliderLeft.png
  artifactKey: Guid(fe4352e29f6f87b469267348511b9fda) Importer(815301076,1909f56bfc062723c751e8b465ee728b)
Start importing Assets/Texture/grey_sliderLeft.png using Guid(fe4352e29f6f87b469267348511b9fda) Importer(815301076,1909f56bfc062723c751e8b465ee728b)  -> (artifact id: '3ede90b5e4b49ddc281df2488e88edfb') in 0.007067 seconds 
========================================================================
Received Import Request.
  Time since last request: 0.000015 seconds.
  path: Assets/Texture/grey_sliderUp.png
  artifactKey: Guid(f54b40605a42d6549a0d9e59bd35bab7) Importer(815301076,1909f56bfc062723c751e8b465ee728b)
Start importing Assets/Texture/grey_sliderUp.png using Guid(f54b40605a42d6549a0d9e59bd35bab7) Importer(815301076,1909f56bfc062723c751e8b465ee728b)  -> (artifact id: 'a35df1f9bd5e86058a4947a96e47369a') in 0.006694 seconds 
========================================================================
Received Import Request.
  Time since last request: 0.000013 seconds.
  path: Assets/Texture/grey_tickGrey.png
  artifactKey: Guid(860eeee1c92612b409fd267188b6c057) Importer(815301076,1909f56bfc062723c751e8b465ee728b)
Start importing Assets/Texture/grey_tickGrey.png using Guid(860eeee1c92612b409fd267188b6c057) Importer(815301076,1909f56bfc062723c751e8b465ee728b)  -> (artifact id: 'd1f582a7d4cb9e8259738ccbd507fe2f') in 0.006651 seconds 
========================================================================
Received Import Request.
  Time since last request: 0.000016 seconds.
  path: Assets/Texture/grey_tickWhite.png
  artifactKey: Guid(575e2aac962ed8249bb2e2c287ebd55b) Importer(815301076,1909f56bfc062723c751e8b465ee728b)
Start importing Assets/Texture/grey_tickWhite.png using Guid(575e2aac962ed8249bb2e2c287ebd55b) Importer(815301076,1909f56bfc062723c751e8b465ee728b)  -> (artifact id: '48979db99b6d7fd3e5eb4a0e5d199218') in 0.007135 seconds 
========================================================================
Received Import Request.
  Time since last request: 0.000017 seconds.
  path: Assets/Texture/red_boxCheckmark.png
  artifactKey: Guid(e78da5818f8a4b34998142d4c27387ab) Importer(815301076,1909f56bfc062723c751e8b465ee728b)
Start importing Assets/Texture/red_boxCheckmark.png using Guid(e78da5818f8a4b34998142d4c27387ab) Importer(815301076,1909f56bfc062723c751e8b465ee728b)  -> (artifact id: '084be763b0e17866ca4799fa89329a43') in 0.007031 seconds 
========================================================================
Received Import Request.
  Time since last request: 0.000014 seconds.
  path: Assets/Texture/red_button00.png
  artifactKey: Guid(ceb293d3c77e4b24097a8cffb9c117c6) Importer(815301076,1909f56bfc062723c751e8b465ee728b)
Start importing Assets/Texture/red_button00.png using Guid(ceb293d3c77e4b24097a8cffb9c117c6) Importer(815301076,1909f56bfc062723c751e8b465ee728b)  -> (artifact id: '87b51372eb170da6a522ed40a0779207') in 0.007398 seconds 
========================================================================
Received Import Request.
  Time since last request: 0.000015 seconds.
  path: Assets/Texture/red_button01.png
  artifactKey: Guid(fe486ce02dae5c94ea1f26de596eaa6f) Importer(815301076,1909f56bfc062723c751e8b465ee728b)
Start importing Assets/Texture/red_button01.png using Guid(fe486ce02dae5c94ea1f26de596eaa6f) Importer(815301076,1909f56bfc062723c751e8b465ee728b)  -> (artifact id: '9fa0328dbf073a5bfb0943d415944e5e') in 0.008626 seconds 
========================================================================
Received Import Request.
  Time since last request: 0.000022 seconds.
  path: Assets/Texture/grey_sliderHorizontal.png
  artifactKey: Guid(0d6a743416058984b80dbd6b36bbd3f0) Importer(815301076,1909f56bfc062723c751e8b465ee728b)
Start importing Assets/Texture/grey_sliderHorizontal.png using Guid(0d6a743416058984b80dbd6b36bbd3f0) Importer(815301076,1909f56bfc062723c751e8b465ee728b)  -> (artifact id: 'ab919b20ef37cceb7d77f4e5e35dc077') in 0.007695 seconds 
========================================================================
Received Import Request.
  Time since last request: 0.203185 seconds.
  path: Assets/Texture/red_button04.png
  artifactKey: Guid(5480f872514f12d4b9cf4cba01dd95df) Importer(815301076,1909f56bfc062723c751e8b465ee728b)
Start importing Assets/Texture/red_button04.png using Guid(5480f872514f12d4b9cf4cba01dd95df) Importer(815301076,1909f56bfc062723c751e8b465ee728b)  -> (artifact id: '99ebf2af5d3045b9d0a86b6ffd92c6f0') in 0.008274 seconds 
========================================================================
Received Import Request.
  Time since last request: 0.000017 seconds.
  path: Assets/Texture/red_button07.png
  artifactKey: Guid(ad504cb039ce3ff488af6ee0c66453bb) Importer(815301076,1909f56bfc062723c751e8b465ee728b)
Start importing Assets/Texture/red_button07.png using Guid(ad504cb039ce3ff488af6ee0c66453bb) Importer(815301076,1909f56bfc062723c751e8b465ee728b)  -> (artifact id: 'cade879fb3e9e17f42c550193ba77546') in 0.007252 seconds 
========================================================================
Received Import Request.
  Time since last request: 0.005987 seconds.
  path: Assets/Texture/red_button09.png
  artifactKey: Guid(339798d1367741941957d8d29e873fa0) Importer(815301076,1909f56bfc062723c751e8b465ee728b)
Start importing Assets/Texture/red_button09.png using Guid(339798d1367741941957d8d29e873fa0) Importer(815301076,1909f56bfc062723c751e8b465ee728b)  -> (artifact id: '76a2ae48ce17ed8b0b7390491216eb7a') in 0.008575 seconds 
========================================================================
Received Import Request.
  Time since last request: 0.000022 seconds.
  path: Assets/Texture/red_button10.png
  artifactKey: Guid(e576d045a7dc36c4ca86babbba02bf56) Importer(815301076,1909f56bfc062723c751e8b465ee728b)
Start importing Assets/Texture/red_button10.png using Guid(e576d045a7dc36c4ca86babbba02bf56) Importer(815301076,1909f56bfc062723c751e8b465ee728b)  -> (artifact id: '738bb767be8ba2c0a81e6f5fc5424c40') in 0.008818 seconds 
========================================================================
Received Import Request.
  Time since last request: 0.000017 seconds.
  path: Assets/Texture/red_panel.png
  artifactKey: Guid(5c43e3412c4ba794fb992ffb02ba17f3) Importer(815301076,1909f56bfc062723c751e8b465ee728b)
Start importing Assets/Texture/red_panel.png using Guid(5c43e3412c4ba794fb992ffb02ba17f3) Importer(815301076,1909f56bfc062723c751e8b465ee728b)  -> (artifact id: '14d5440ba24509ccb581df3bdde3e1f0') in 0.007417 seconds 
========================================================================
Received Import Request.
  Time since last request: 0.000019 seconds.
  path: Assets/Texture/red_cross.png
  artifactKey: Guid(ed31d492801aacb468abda1f3f71eedc) Importer(815301076,1909f56bfc062723c751e8b465ee728b)
Start importing Assets/Texture/red_cross.png using Guid(ed31d492801aacb468abda1f3f71eedc) Importer(815301076,1909f56bfc062723c751e8b465ee728b)  -> (artifact id: '512d6c76967bdef59d7b2bf28b65e1bd') in 0.007027 seconds 
========================================================================
Received Import Request.
  Time since last request: 0.000021 seconds.
  path: Assets/Texture/red_button12.png
  artifactKey: Guid(de5191d6694709240bb2624a8f8b67c5) Importer(815301076,1909f56bfc062723c751e8b465ee728b)
Start importing Assets/Texture/red_button12.png using Guid(de5191d6694709240bb2624a8f8b67c5) Importer(815301076,1909f56bfc062723c751e8b465ee728b)  -> (artifact id: '5d4a726d2264a822354b0d5d8a64e7fb') in 0.007019 seconds 
========================================================================
Received Import Request.
  Time since last request: 0.000049 seconds.
  path: Assets/Texture/red_sliderLeft.png
  artifactKey: Guid(246c45f025c264845a1ab6819d11e43e) Importer(815301076,1909f56bfc062723c751e8b465ee728b)
Start importing Assets/Texture/red_sliderLeft.png using Guid(246c45f025c264845a1ab6819d11e43e) Importer(815301076,1909f56bfc062723c751e8b465ee728b)  -> (artifact id: 'a0bbc504e9860c8fbf2f16214a81ad77') in 0.007516 seconds 
========================================================================
Received Import Request.
  Time since last request: 0.000023 seconds.
  path: Assets/Texture/red_tick.png
  artifactKey: Guid(40b1322142a3f104d9af8efb90dbe031) Importer(815301076,1909f56bfc062723c751e8b465ee728b)
Start importing Assets/Texture/red_tick.png using Guid(40b1322142a3f104d9af8efb90dbe031) Importer(815301076,1909f56bfc062723c751e8b465ee728b)  -> (artifact id: 'c1dbd4ecb63b99a0e0b18e0251f56a49') in 0.007510 seconds 
========================================================================
Received Import Request.
  Time since last request: 0.000021 seconds.
  path: Assets/Texture/yellow_button01.png
  artifactKey: Guid(020dac01b0e3b6649a8f20fb26cbe012) Importer(815301076,1909f56bfc062723c751e8b465ee728b)
Start importing Assets/Texture/yellow_button01.png using Guid(020dac01b0e3b6649a8f20fb26cbe012) Importer(815301076,1909f56bfc062723c751e8b465ee728b)  -> (artifact id: 'd0a39346f968213ef7e2f5b1198c52b5') in 0.007183 seconds 
========================================================================
Received Import Request.
  Time since last request: 0.000017 seconds.
  path: Assets/Texture/yellow_boxCheckmark.png
  artifactKey: Guid(2264b12fbf1a7ef4a9c37363bee07b62) Importer(815301076,1909f56bfc062723c751e8b465ee728b)
Start importing Assets/Texture/yellow_boxCheckmark.png using Guid(2264b12fbf1a7ef4a9c37363bee07b62) Importer(815301076,1909f56bfc062723c751e8b465ee728b)  -> (artifact id: 'b14cf04a6b95888cea63782b005af8d9') in 0.007632 seconds 
========================================================================
Received Import Request.
  Time since last request: 0.000020 seconds.
  path: Assets/Texture/yellow_boxTick.png
  artifactKey: Guid(f94c9c2a94e1bfe48b59a65280b48cd4) Importer(815301076,1909f56bfc062723c751e8b465ee728b)
Start importing Assets/Texture/yellow_boxTick.png using Guid(f94c9c2a94e1bfe48b59a65280b48cd4) Importer(815301076,1909f56bfc062723c751e8b465ee728b)  -> (artifact id: '764a1af3b3033d845cf401f98be51e74') in 0.007496 seconds 
========================================================================
Received Import Request.
  Time since last request: 0.000017 seconds.
  path: Assets/Texture/yellow_button03.png
  artifactKey: Guid(5146a9c5b4c6d5342b4f30e70c8c5f36) Importer(815301076,1909f56bfc062723c751e8b465ee728b)
Start importing Assets/Texture/yellow_button03.png using Guid(5146a9c5b4c6d5342b4f30e70c8c5f36) Importer(815301076,1909f56bfc062723c751e8b465ee728b)  -> (artifact id: '948f3a504ccda30d21fc7249f1b0b922') in 0.007145 seconds 
========================================================================
Received Import Request.
  Time since last request: 0.000015 seconds.
  path: Assets/Texture/yellow_button06.png
  artifactKey: Guid(7cfa59660c0a2964196b4548c2bf3700) Importer(815301076,1909f56bfc062723c751e8b465ee728b)
Start importing Assets/Texture/yellow_button06.png using Guid(7cfa59660c0a2964196b4548c2bf3700) Importer(815301076,1909f56bfc062723c751e8b465ee728b)  -> (artifact id: '9a9ae4e8dde62325f727d0b3d5102e07') in 0.007331 seconds 
========================================================================
Received Import Request.
  Time since last request: 0.000021 seconds.
  path: Assets/Texture/yellow_button05.png
  artifactKey: Guid(6d8109c6ae44b0b41aa3f0837dd351c9) Importer(815301076,1909f56bfc062723c751e8b465ee728b)
Start importing Assets/Texture/yellow_button05.png using Guid(6d8109c6ae44b0b41aa3f0837dd351c9) Importer(815301076,1909f56bfc062723c751e8b465ee728b)  -> (artifact id: '28557976a28ed21ceb0f072a46565ab8') in 0.007194 seconds 
========================================================================
Received Import Request.
  Time since last request: 0.223102 seconds.
  path: Assets/Texture/yellow_button08.png
  artifactKey: Guid(0deaa1a093433dc42986c54d83d64c03) Importer(815301076,1909f56bfc062723c751e8b465ee728b)
Start importing Assets/Texture/yellow_button08.png using Guid(0deaa1a093433dc42986c54d83d64c03) Importer(815301076,1909f56bfc062723c751e8b465ee728b)  -> (artifact id: 'b42437b4aba8865d2de0c90d879ff8fb') in 0.007006 seconds 
========================================================================
Received Import Request.
  Time since last request: 0.000017 seconds.
  path: Assets/Texture/yellow_button11.png
  artifactKey: Guid(c6c35736aacd7b54bbae2e452f1300b7) Importer(815301076,1909f56bfc062723c751e8b465ee728b)
Start importing Assets/Texture/yellow_button11.png using Guid(c6c35736aacd7b54bbae2e452f1300b7) Importer(815301076,1909f56bfc062723c751e8b465ee728b)  -> (artifact id: '91604f904bd8a2ce1e686594934033d9') in 0.008748 seconds 
========================================================================
Received Import Request.
  Time since last request: 0.000028 seconds.
  path: Assets/Texture/yellow_button10.png
  artifactKey: Guid(491907741613f6746b50d425ec69f13b) Importer(815301076,1909f56bfc062723c751e8b465ee728b)
Start importing Assets/Texture/yellow_button10.png using Guid(491907741613f6746b50d425ec69f13b) Importer(815301076,1909f56bfc062723c751e8b465ee728b)  -> (artifact id: '141086aa8a086a824432f26aad51d39b') in 0.008073 seconds 
========================================================================
Received Import Request.
  Time since last request: 0.000027 seconds.
  path: Assets/Texture/yellow_circle.png
  artifactKey: Guid(a3f2c6c68e7f2784487daba00f5bdf51) Importer(815301076,1909f56bfc062723c751e8b465ee728b)
Start importing Assets/Texture/yellow_circle.png using Guid(a3f2c6c68e7f2784487daba00f5bdf51) Importer(815301076,1909f56bfc062723c751e8b465ee728b)  -> (artifact id: '3268e9dc27a49bc2a43f0c8a58d50d00') in 0.007720 seconds 
========================================================================
Received Import Request.
  Time since last request: 0.000021 seconds.
  path: Assets/Texture/yellow_tick.png
  artifactKey: Guid(d858fb33176c7a9418dc06a603d99346) Importer(815301076,1909f56bfc062723c751e8b465ee728b)
Start importing Assets/Texture/yellow_tick.png using Guid(d858fb33176c7a9418dc06a603d99346) Importer(815301076,1909f56bfc062723c751e8b465ee728b)  -> (artifact id: '1d9e8ccb1d40e7b5f63d1156e00c290b') in 0.008710 seconds 
========================================================================
Received Import Request.
  Time since last request: 0.000021 seconds.
  path: Assets/Texture/yellow_cross.png
  artifactKey: Guid(8b9a85ae312dc774695ed249507c31f6) Importer(815301076,1909f56bfc062723c751e8b465ee728b)
Start importing Assets/Texture/yellow_cross.png using Guid(8b9a85ae312dc774695ed249507c31f6) Importer(815301076,1909f56bfc062723c751e8b465ee728b)  -> (artifact id: 'aaf4738bd28d1070130373ec45c67c29') in 0.009524 seconds 
========================================================================
Received Import Request.
  Time since last request: 0.000024 seconds.
  path: Assets/Texture/yellow_sliderLeft.png
  artifactKey: Guid(158882d17b2384d4182ab2b7454a55c6) Importer(815301076,1909f56bfc062723c751e8b465ee728b)
Start importing Assets/Texture/yellow_sliderLeft.png using Guid(158882d17b2384d4182ab2b7454a55c6) Importer(815301076,1909f56bfc062723c751e8b465ee728b)  -> (artifact id: 'ce13666a9d1f7ed92943ad687a678ab0') in 0.008372 seconds 
Editor requested this worker to shutdown with reason: Scaling down because of idle timeout
AssetImportWorker is now disconnected from the server
Process exiting
Exiting without the bug reporter. Application will terminate with return code 0