Using pre-set license
Built from '2021.3/staging' branch; Version is '2021.3.10f1 (1c7d0df0160b) revision 1867021'; Using compiler version '192829333'; Build Type 'Release'
OS: 'Windows 10  (10.0.19043) 64bit Professional' Language: 'fr' Physical Memory: 32512 MB
BatchMode: 1, IsHumanControllingUs: 0, StartBugReporterOnCrash: 0, Is64bit: 1, IsPro: 1

COMMAND LINE ARGUMENTS:
C:\Program Files\Unity\Hub\Editor\2021.3.10f1\Editor\Unity.exe
-adb2
-batchMode
-noUpm
-name
AssetImportWorker0
-projectPath
C:/Users/GAME2/Documents/GitHub/Bowend_GameJam_Unity
-logFile
Logs/AssetImportWorker0.log
-srvPort
53866
Successfully changed project path to: C:/Users/GAME2/Documents/GitHub/Bowend_GameJam_Unity
C:/Users/GAME2/Documents/GitHub/Bowend_GameJam_Unity
[UnityMemory] Configuration Parameters - Can be set up in boot.config
    "memorysetup-bucket-allocator-granularity=16"
    "memorysetup-bucket-allocator-bucket-count=8"
    "memorysetup-bucket-allocator-block-size=33554432"
    "memorysetup-bucket-allocator-block-count=8"
    "memorysetup-main-allocator-block-size=16777216"
    "memorysetup-thread-allocator-block-size=16777216"
    "memorysetup-gfx-main-allocator-block-size=16777216"
    "memorysetup-gfx-thread-allocator-block-size=16777216"
    "memorysetup-cache-allocator-block-size=4194304"
    "memorysetup-typetree-allocator-block-size=2097152"
    "memorysetup-profiler-bucket-allocator-granularity=16"
    "memorysetup-profiler-bucket-allocator-bucket-count=8"
    "memorysetup-profiler-bucket-allocator-block-size=33554432"
    "memorysetup-profiler-bucket-allocator-block-count=8"
    "memorysetup-profiler-allocator-block-size=16777216"
    "memorysetup-profiler-editor-allocator-block-size=1048576"
    "memorysetup-temp-allocator-size-main=16777216"
    "memorysetup-job-temp-allocator-block-size=2097152"
    "memorysetup-job-temp-allocator-block-size-background=1048576"
    "memorysetup-job-temp-allocator-reduction-small-platforms=262144"
    "memorysetup-temp-allocator-size-background-worker=32768"
    "memorysetup-temp-allocator-size-job-worker=262144"
    "memorysetup-temp-allocator-size-preload-manager=33554432"
    "memorysetup-temp-allocator-size-nav-mesh-worker=65536"
    "memorysetup-temp-allocator-size-audio-worker=65536"
    "memorysetup-temp-allocator-size-cloud-worker=32768"
    "memorysetup-temp-allocator-size-gi-baking-worker=262144"
    "memorysetup-temp-allocator-size-gfx=262144"
Refreshing native plugins compatible for Editor in 60.73 ms, found 3 plugins.
Preloading 0 native plugins for Editor in 0.00 ms.
Initialize engine version: 2021.3.10f1 (1c7d0df0160b)
[Subsystems] Discovering subsystems at path C:/Program Files/Unity/Hub/Editor/2021.3.10f1/Editor/Data/Resources/UnitySubsystems
[Subsystems] Discovering subsystems at path C:/Users/GAME2/Documents/GitHub/Bowend_GameJam_Unity/Assets
GfxDevice: creating device client; threaded=0; jobified=0
Direct3D:
    Version:  Direct3D 11.0 [level 11.1]
    Renderer: NVIDIA GeForce RTX 3070 (ID=0x2488)
    Vendor:   NVIDIA
    VRAM:     8043 MB
    Driver:   30.0.15.1295
Initialize mono
Mono path[0] = 'C:/Program Files/Unity/Hub/Editor/2021.3.10f1/Editor/Data/Managed'
Mono path[1] = 'C:/Program Files/Unity/Hub/Editor/2021.3.10f1/Editor/Data/MonoBleedingEdge/lib/mono/unityjit-win32'
Mono config path = 'C:/Program Files/Unity/Hub/Editor/2021.3.10f1/Editor/Data/MonoBleedingEdge/etc'
Using monoOptions --debugger-agent=transport=dt_socket,embedding=1,server=y,suspend=n,address=127.0.0.1:56804
Begin MonoManager ReloadAssembly
Registering precompiled unity dll's ...
Register platform support module: C:/Program Files/Unity/Hub/Editor/2021.3.10f1/Editor/Data/PlaybackEngines/AndroidPlayer/UnityEditor.Android.Extensions.dll
Register platform support module: C:/Program Files/Unity/Hub/Editor/2021.3.10f1/Editor/Data/PlaybackEngines/iOSSupport/UnityEditor.iOS.Extensions.dll
Register platform support module: C:/Program Files/Unity/Hub/Editor/2021.3.10f1/Editor/Data/PlaybackEngines/WindowsStandaloneSupport/UnityEditor.WindowsStandalone.Extensions.dll
Registered in 0.003043 seconds.
Native extension for WindowsStandalone target not found
[usbmuxd] Start listen thread
[usbmuxd] Listen thread started
[usbmuxd] Send listen message
Native extension for iOS target not found
Native extension for Android target not found
Refreshing native plugins compatible for Editor in 56.57 ms, found 3 plugins.
Preloading 0 native plugins for Editor in 0.00 ms.
Mono: successfully reloaded assembly
- Completed reload, in  0.445 seconds
Domain Reload Profiling:
	ReloadAssembly (445ms)
		BeginReloadAssembly (46ms)
			ExecutionOrderSort (0ms)
			DisableScriptedObjects (0ms)
			BackupInstance (0ms)
			ReleaseScriptingObjects (0ms)
			CreateAndSetChildDomain (0ms)
		EndReloadAssembly (330ms)
			LoadAssemblies (46ms)
			RebuildTransferFunctionScriptingTraits (0ms)
			SetupTypeCache (81ms)
			ReleaseScriptCaches (0ms)
			RebuildScriptCaches (19ms)
			SetupLoadedEditorAssemblies (198ms)
				LogAssemblyErrors (0ms)
				InitializePlatformSupportModulesInManaged (44ms)
				SetLoadedEditorAssemblies (0ms)
				RefreshPlugins (57ms)
				BeforeProcessingInitializeOnLoad (1ms)
				ProcessInitializeOnLoadAttributes (68ms)
				ProcessInitializeOnLoadMethodAttributes (29ms)
				AfterProcessingInitializeOnLoad (0ms)
				EditorAssembliesLoaded (0ms)
			ExecutionOrderSort2 (0ms)
			AwakeInstancesAfterBackupRestoration (0ms)
Platform modules already initialized, skipping
Registering precompiled user dll's ...
Registered in 0.002485 seconds.
Begin MonoManager ReloadAssembly
Symbol file LoadedFromMemory doesn't match image C:\Users\GAME2\Documents\GitHub\Bowend_GameJam_Unity\Library\PackageCache\com.unity.visualscripting@1.7.8\Editor\VisualScripting.Core\Dependencies\YamlDotNet\Unity.VisualScripting.YamlDotNet.dll
Symbol file LoadedFromMemory doesn't match image C:\Users\GAME2\Documents\GitHub\Bowend_GameJam_Unity\Library\PackageCache\com.unity.visualscripting@1.7.8\Editor\VisualScripting.Core\Dependencies\DotNetZip\Unity.VisualScripting.IonicZip.dll
Native extension for WindowsStandalone target not found
Native extension for iOS target not found
Native extension for Android target not found
Refreshing native plugins compatible for Editor in 0.40 ms, found 3 plugins.
Preloading 0 native plugins for Editor in 0.00 ms.
Mono: successfully reloaded assembly
- Completed reload, in  0.822 seconds
Domain Reload Profiling:
	ReloadAssembly (823ms)
		BeginReloadAssembly (188ms)
			ExecutionOrderSort (0ms)
			DisableScriptedObjects (5ms)
			BackupInstance (0ms)
			ReleaseScriptingObjects (0ms)
			CreateAndSetChildDomain (127ms)
		EndReloadAssembly (561ms)
			LoadAssemblies (53ms)
			RebuildTransferFunctionScriptingTraits (0ms)
			SetupTypeCache (180ms)
			ReleaseScriptCaches (0ms)
			RebuildScriptCaches (34ms)
			SetupLoadedEditorAssemblies (266ms)
				LogAssemblyErrors (0ms)
				InitializePlatformSupportModulesInManaged (14ms)
				SetLoadedEditorAssemblies (0ms)
				RefreshPlugins (0ms)
				BeforeProcessingInitializeOnLoad (55ms)
				ProcessInitializeOnLoadAttributes (168ms)
				ProcessInitializeOnLoadMethodAttributes (24ms)
				AfterProcessingInitializeOnLoad (3ms)
				EditorAssembliesLoaded (0ms)
			ExecutionOrderSort2 (0ms)
			AwakeInstancesAfterBackupRestoration (4ms)
Platform modules already initialized, skipping
========================================================================
Worker process is ready to serve import requests
Launched and connected shader compiler UnityShaderCompiler.exe after 0.02 seconds
Refreshing native plugins compatible for Editor in 0.43 ms, found 3 plugins.
Preloading 0 native plugins for Editor in 0.00 ms.
Unloading 3448 Unused Serialized files (Serialized files now loaded: 0)
Unloading 27 unused Assets / (113.4 KB). Loaded Objects now: 3908.
Memory consumption went from 120.1 MB to 120.0 MB.
Total: 2.060800 ms (FindLiveObjects: 0.186100 ms CreateObjectMapping: 0.092500 ms MarkObjects: 1.705500 ms  DeleteObjects: 0.076000 ms)

AssetImportParameters requested are different than current active one (requested -> active):
  custom:video-decoder-ogg-theora: a1e56fd34408186e4bbccfd4996cb3dc -> 
  custom:container-muxer-webm: aa71ff27fc2769a1b78a27578f13a17b -> 
  custom:container-demuxer-webm: 4f35f7cbe854078d1ac9338744f61a02 -> 
  custom:video-encoder-webm-vp8: eb34c28f22e8b96e1ab97ce403110664 -> 
  custom:audio-encoder-webm-vorbis: bf7c407c2cedff20999df2af8eb42d56 -> 
  custom:framework-win-MediaFoundation: 216162199b28c13a410421893ffa2e32 -> 
  custom:container-demuxer-ogg: 62fdf1f143b41e24485cea50d1cbac27 -> 
  custom:video-decoder-webm-vp8: 9c59270c3fd7afecdb556c50c9e8de78 -> 
  custom:audio-decoder-ogg-vorbis: bf7c407c2cedff20999df2af8eb42d56 -> 
========================================================================
Received Import Request.
  Time since last request: 599644.140841 seconds.
  path: Assets/Prefabs/Player.prefab
  artifactKey: Guid(75a54967a7c838c4d9ff61ea9190786d) Importer(815301076,1909f56bfc062723c751e8b465ee728b)
Start importing Assets/Prefabs/Player.prefab using Guid(75a54967a7c838c4d9ff61ea9190786d) Importer(815301076,1909f56bfc062723c751e8b465ee728b)  -> (artifact id: '43a0571ac10d819f497637b999ae03ca') in 0.081797 seconds 
========================================================================
Received Import Request.
  Time since last request: 0.407578 seconds.
  path: Assets/Prefabs/Bolt.prefab
  artifactKey: Guid(919986b6c39d6ed4a8de368704d37210) Importer(815301076,1909f56bfc062723c751e8b465ee728b)
Start importing Assets/Prefabs/Bolt.prefab using Guid(919986b6c39d6ed4a8de368704d37210) Importer(815301076,1909f56bfc062723c751e8b465ee728b)  -> (artifact id: '949b164875e442eed28091570d043218') in 0.007475 seconds 
========================================================================
Received Prepare
Registering precompiled user dll's ...
Registered in 0.002724 seconds.
Begin MonoManager ReloadAssembly
Symbol file LoadedFromMemory doesn't match image C:\Users\GAME2\Documents\GitHub\Bowend_GameJam_Unity\Library\PackageCache\com.unity.visualscripting@1.7.8\Editor\VisualScripting.Core\Dependencies\YamlDotNet\Unity.VisualScripting.YamlDotNet.dll
Symbol file LoadedFromMemory doesn't match image C:\Users\GAME2\Documents\GitHub\Bowend_GameJam_Unity\Library\PackageCache\com.unity.visualscripting@1.7.8\Editor\VisualScripting.Core\Dependencies\DotNetZip\Unity.VisualScripting.IonicZip.dll
Native extension for WindowsStandalone target not found
Native extension for iOS target not found
Native extension for Android target not found
Refreshing native plugins compatible for Editor in 0.43 ms, found 3 plugins.
Preloading 0 native plugins for Editor in 0.00 ms.
Mono: successfully reloaded assembly
- Completed reload, in  0.668 seconds
Domain Reload Profiling:
	ReloadAssembly (668ms)
		BeginReloadAssembly (86ms)
			ExecutionOrderSort (0ms)
			DisableScriptedObjects (3ms)
			BackupInstance (0ms)
			ReleaseScriptingObjects (0ms)
			CreateAndSetChildDomain (25ms)
		EndReloadAssembly (516ms)
			LoadAssemblies (51ms)
			RebuildTransferFunctionScriptingTraits (0ms)
			SetupTypeCache (172ms)
			ReleaseScriptCaches (1ms)
			RebuildScriptCaches (27ms)
			SetupLoadedEditorAssemblies (236ms)
				LogAssemblyErrors (0ms)
				InitializePlatformSupportModulesInManaged (22ms)
				SetLoadedEditorAssemblies (0ms)
				RefreshPlugins (0ms)
				BeforeProcessingInitializeOnLoad (42ms)
				ProcessInitializeOnLoadAttributes (148ms)
				ProcessInitializeOnLoadMethodAttributes (20ms)
				AfterProcessingInitializeOnLoad (3ms)
				EditorAssembliesLoaded (0ms)
			ExecutionOrderSort2 (0ms)
			AwakeInstancesAfterBackupRestoration (5ms)
Platform modules already initialized, skipping
Refreshing native plugins compatible for Editor in 1.48 ms, found 3 plugins.
Preloading 0 native plugins for Editor in 0.00 ms.
Unloading 3430 Unused Serialized files (Serialized files now loaded: 0)
Unloading 20 unused Assets / (79.7 KB). Loaded Objects now: 3921.
Memory consumption went from 123.2 MB to 123.2 MB.
Total: 1.979400 ms (FindLiveObjects: 0.186800 ms CreateObjectMapping: 0.100900 ms MarkObjects: 1.632400 ms  DeleteObjects: 0.058800 ms)

AssetImportParameters requested are different than current active one (requested -> active):
  custom:video-decoder-ogg-theora: a1e56fd34408186e4bbccfd4996cb3dc -> 
  custom:container-muxer-webm: aa71ff27fc2769a1b78a27578f13a17b -> 
  custom:container-demuxer-webm: 4f35f7cbe854078d1ac9338744f61a02 -> 
  custom:video-encoder-webm-vp8: eb34c28f22e8b96e1ab97ce403110664 -> 
  custom:audio-encoder-webm-vorbis: bf7c407c2cedff20999df2af8eb42d56 -> 
  custom:framework-win-MediaFoundation: 216162199b28c13a410421893ffa2e32 -> 
  custom:container-demuxer-ogg: 62fdf1f143b41e24485cea50d1cbac27 -> 
  custom:video-decoder-webm-vp8: 9c59270c3fd7afecdb556c50c9e8de78 -> 
  custom:audio-decoder-ogg-vorbis: bf7c407c2cedff20999df2af8eb42d56 -> 
========================================================================
Received Import Request.
  Time since last request: 31.033659 seconds.
  path: Assets/Prefabs/Player.prefab
  artifactKey: Guid(75a54967a7c838c4d9ff61ea9190786d) Importer(815301076,1909f56bfc062723c751e8b465ee728b)
Start importing Assets/Prefabs/Player.prefab using Guid(75a54967a7c838c4d9ff61ea9190786d) Importer(815301076,1909f56bfc062723c751e8b465ee728b)  -> (artifact id: '44b675c5bf6314270482a882e4252661') in 0.048924 seconds 
========================================================================
Received Import Request.
  Time since last request: 3.950592 seconds.
  path: Assets/Prefabs/Player.prefab
  artifactKey: Guid(75a54967a7c838c4d9ff61ea9190786d) Importer(815301076,1909f56bfc062723c751e8b465ee728b)
Start importing Assets/Prefabs/Player.prefab using Guid(75a54967a7c838c4d9ff61ea9190786d) Importer(815301076,1909f56bfc062723c751e8b465ee728b)  -> (artifact id: 'dccca4984216ea73fdee725ca09fe58d') in 0.008098 seconds 
========================================================================
Received Import Request.
  Time since last request: 5.431888 seconds.
  path: Assets/Prefabs/Player.prefab
  artifactKey: Guid(75a54967a7c838c4d9ff61ea9190786d) Importer(815301076,1909f56bfc062723c751e8b465ee728b)
Start importing Assets/Prefabs/Player.prefab using Guid(75a54967a7c838c4d9ff61ea9190786d) Importer(815301076,1909f56bfc062723c751e8b465ee728b)  -> (artifact id: 'd12e5e6424d3601138bd4109715dafe8') in 0.009237 seconds 
========================================================================
Received Import Request.
  Time since last request: 5.083662 seconds.
  path: Assets/Prefabs/Player.prefab
  artifactKey: Guid(75a54967a7c838c4d9ff61ea9190786d) Importer(815301076,1909f56bfc062723c751e8b465ee728b)
Start importing Assets/Prefabs/Player.prefab using Guid(75a54967a7c838c4d9ff61ea9190786d) Importer(815301076,1909f56bfc062723c751e8b465ee728b)  -> (artifact id: '4d13771bf70b128410980479b1241d2e') in 0.008629 seconds 
========================================================================
Received Import Request.
  Time since last request: 11.075163 seconds.
  path: Assets/Prefabs/Player.prefab
  artifactKey: Guid(75a54967a7c838c4d9ff61ea9190786d) Importer(815301076,1909f56bfc062723c751e8b465ee728b)
Start importing Assets/Prefabs/Player.prefab using Guid(75a54967a7c838c4d9ff61ea9190786d) Importer(815301076,1909f56bfc062723c751e8b465ee728b)  -> (artifact id: '19302115049b3df62b32726aedf806c4') in 0.007968 seconds 
========================================================================
Received Import Request.
  Time since last request: 3.219306 seconds.
  path: Assets/Prefabs/Player.prefab
  artifactKey: Guid(75a54967a7c838c4d9ff61ea9190786d) Importer(815301076,1909f56bfc062723c751e8b465ee728b)
Start importing Assets/Prefabs/Player.prefab using Guid(75a54967a7c838c4d9ff61ea9190786d) Importer(815301076,1909f56bfc062723c751e8b465ee728b)  -> (artifact id: '4797801d9eb28dc1edf47dad3c445da2') in 0.009871 seconds 
========================================================================
Received Import Request.
  Time since last request: 0.991418 seconds.
  path: Assets/Prefabs/Player.prefab
  artifactKey: Guid(75a54967a7c838c4d9ff61ea9190786d) Importer(815301076,1909f56bfc062723c751e8b465ee728b)
Start importing Assets/Prefabs/Player.prefab using Guid(75a54967a7c838c4d9ff61ea9190786d) Importer(815301076,1909f56bfc062723c751e8b465ee728b)  -> (artifact id: '562f6c318fea2e993c1224d3e0c74997') in 0.007961 seconds 
========================================================================
Received Import Request.
  Time since last request: 2.607940 seconds.
  path: Assets/Prefabs/Player.prefab
  artifactKey: Guid(75a54967a7c838c4d9ff61ea9190786d) Importer(815301076,1909f56bfc062723c751e8b465ee728b)
Start importing Assets/Prefabs/Player.prefab using Guid(75a54967a7c838c4d9ff61ea9190786d) Importer(815301076,1909f56bfc062723c751e8b465ee728b)  -> (artifact id: 'ae3cc3254c82c838ab13b6f25a0c3596') in 0.007460 seconds 
========================================================================
Received Import Request.
  Time since last request: 3.023286 seconds.
  path: Assets/Prefabs/Player.prefab
  artifactKey: Guid(75a54967a7c838c4d9ff61ea9190786d) Importer(815301076,1909f56bfc062723c751e8b465ee728b)
Start importing Assets/Prefabs/Player.prefab using Guid(75a54967a7c838c4d9ff61ea9190786d) Importer(815301076,1909f56bfc062723c751e8b465ee728b)  -> (artifact id: 'd86883faaacc7ece6f75a9aa2bdfec35') in 0.009279 seconds 
========================================================================
Received Import Request.
  Time since last request: 0.187499 seconds.
  path: Assets/Prefabs/Player.prefab
  artifactKey: Guid(75a54967a7c838c4d9ff61ea9190786d) Importer(815301076,1909f56bfc062723c751e8b465ee728b)
Start importing Assets/Prefabs/Player.prefab using Guid(75a54967a7c838c4d9ff61ea9190786d) Importer(815301076,1909f56bfc062723c751e8b465ee728b)  -> (artifact id: '4e3caeccc1ae0e8f698e36f72d066c8e') in 0.008283 seconds 
========================================================================
Received Import Request.
  Time since last request: 1.402623 seconds.
  path: Assets/Prefabs/Player.prefab
  artifactKey: Guid(75a54967a7c838c4d9ff61ea9190786d) Importer(815301076,1909f56bfc062723c751e8b465ee728b)
Start importing Assets/Prefabs/Player.prefab using Guid(75a54967a7c838c4d9ff61ea9190786d) Importer(815301076,1909f56bfc062723c751e8b465ee728b)  -> (artifact id: '76884af1fb0a558e8220b1af55b4f948') in 0.009096 seconds 
========================================================================
Received Import Request.
  Time since last request: 3.407268 seconds.
  path: Assets/Prefabs/Player.prefab
  artifactKey: Guid(75a54967a7c838c4d9ff61ea9190786d) Importer(815301076,1909f56bfc062723c751e8b465ee728b)
Start importing Assets/Prefabs/Player.prefab using Guid(75a54967a7c838c4d9ff61ea9190786d) Importer(815301076,1909f56bfc062723c751e8b465ee728b)  -> (artifact id: 'b3529c17bcb50bfdd181199cae2517b0') in 0.007137 seconds 
========================================================================
Received Import Request.
  Time since last request: 4.826576 seconds.
  path: Assets/Prefabs/Player.prefab
  artifactKey: Guid(75a54967a7c838c4d9ff61ea9190786d) Importer(815301076,1909f56bfc062723c751e8b465ee728b)
Start importing Assets/Prefabs/Player.prefab using Guid(75a54967a7c838c4d9ff61ea9190786d) Importer(815301076,1909f56bfc062723c751e8b465ee728b)  -> (artifact id: 'e8af97602816491ca0432f4fc920b890') in 0.009848 seconds 
========================================================================
Received Import Request.
  Time since last request: 0.594752 seconds.
  path: Assets/Prefabs/Player.prefab
  artifactKey: Guid(75a54967a7c838c4d9ff61ea9190786d) Importer(815301076,1909f56bfc062723c751e8b465ee728b)
Start importing Assets/Prefabs/Player.prefab using Guid(75a54967a7c838c4d9ff61ea9190786d) Importer(815301076,1909f56bfc062723c751e8b465ee728b)  -> (artifact id: '5c58ffe1beb40274fd85b487fbeeeed6') in 0.007841 seconds 
========================================================================
Received Import Request.
  Time since last request: 3.628756 seconds.
  path: Assets/Prefabs/Player.prefab
  artifactKey: Guid(75a54967a7c838c4d9ff61ea9190786d) Importer(815301076,1909f56bfc062723c751e8b465ee728b)
Start importing Assets/Prefabs/Player.prefab using Guid(75a54967a7c838c4d9ff61ea9190786d) Importer(815301076,1909f56bfc062723c751e8b465ee728b)  -> (artifact id: 'a0556f4830ff5a5e6046d327903c7575') in 0.008046 seconds 
========================================================================
Received Import Request.
  Time since last request: 4.221054 seconds.
  path: Assets/Prefabs/Player.prefab
  artifactKey: Guid(75a54967a7c838c4d9ff61ea9190786d) Importer(815301076,1909f56bfc062723c751e8b465ee728b)
Start importing Assets/Prefabs/Player.prefab using Guid(75a54967a7c838c4d9ff61ea9190786d) Importer(815301076,1909f56bfc062723c751e8b465ee728b)  -> (artifact id: '4055ace791e34d3347a30c05cce85060') in 0.007848 seconds 
========================================================================
Received Import Request.
  Time since last request: 6.043656 seconds.
  path: Assets/Prefabs/Player.prefab
  artifactKey: Guid(75a54967a7c838c4d9ff61ea9190786d) Importer(815301076,1909f56bfc062723c751e8b465ee728b)
Start importing Assets/Prefabs/Player.prefab using Guid(75a54967a7c838c4d9ff61ea9190786d) Importer(815301076,1909f56bfc062723c751e8b465ee728b)  -> (artifact id: 'd53f474513945abcba21e385e8b94de4') in 0.009679 seconds 
========================================================================
Received Import Request.
  Time since last request: 3.012637 seconds.
  path: Assets/Prefabs/Player.prefab
  artifactKey: Guid(75a54967a7c838c4d9ff61ea9190786d) Importer(815301076,1909f56bfc062723c751e8b465ee728b)
Start importing Assets/Prefabs/Player.prefab using Guid(75a54967a7c838c4d9ff61ea9190786d) Importer(815301076,1909f56bfc062723c751e8b465ee728b)  -> (artifact id: '01e3cd1a855af7d05eab2ca6aded6041') in 0.007779 seconds 
========================================================================
Received Import Request.
  Time since last request: 6.041698 seconds.
  path: Assets/Prefabs/Player.prefab
  artifactKey: Guid(75a54967a7c838c4d9ff61ea9190786d) Importer(815301076,1909f56bfc062723c751e8b465ee728b)
Start importing Assets/Prefabs/Player.prefab using Guid(75a54967a7c838c4d9ff61ea9190786d) Importer(815301076,1909f56bfc062723c751e8b465ee728b)  -> (artifact id: 'ad535cf3af8a6ea0bf708e81de8b1163') in 0.011938 seconds 
========================================================================
Received Import Request.
  Time since last request: 2.801423 seconds.
  path: Assets/Prefabs/Player.prefab
  artifactKey: Guid(75a54967a7c838c4d9ff61ea9190786d) Importer(815301076,1909f56bfc062723c751e8b465ee728b)
Start importing Assets/Prefabs/Player.prefab using Guid(75a54967a7c838c4d9ff61ea9190786d) Importer(815301076,1909f56bfc062723c751e8b465ee728b)  -> (artifact id: '10b81d49faf091c2e3c7efdde26e4c8b') in 0.009318 seconds 
========================================================================
Received Prepare
Registering precompiled user dll's ...
Registered in 0.002655 seconds.
Begin MonoManager ReloadAssembly
Symbol file LoadedFromMemory doesn't match image C:\Users\GAME2\Documents\GitHub\Bowend_GameJam_Unity\Library\PackageCache\com.unity.visualscripting@1.7.8\Editor\VisualScripting.Core\Dependencies\YamlDotNet\Unity.VisualScripting.YamlDotNet.dll
Symbol file LoadedFromMemory doesn't match image C:\Users\GAME2\Documents\GitHub\Bowend_GameJam_Unity\Library\PackageCache\com.unity.visualscripting@1.7.8\Editor\VisualScripting.Core\Dependencies\DotNetZip\Unity.VisualScripting.IonicZip.dll
Native extension for WindowsStandalone target not found
Native extension for iOS target not found
Native extension for Android target not found
Refreshing native plugins compatible for Editor in 0.43 ms, found 3 plugins.
Preloading 0 native plugins for Editor in 0.00 ms.
Mono: successfully reloaded assembly
- Completed reload, in  0.682 seconds
Domain Reload Profiling:
	ReloadAssembly (683ms)
		BeginReloadAssembly (88ms)
			ExecutionOrderSort (0ms)
			DisableScriptedObjects (5ms)
			BackupInstance (0ms)
			ReleaseScriptingObjects (0ms)
			CreateAndSetChildDomain (24ms)
		EndReloadAssembly (530ms)
			LoadAssemblies (49ms)
			RebuildTransferFunctionScriptingTraits (0ms)
			SetupTypeCache (186ms)
			ReleaseScriptCaches (1ms)
			RebuildScriptCaches (26ms)
			SetupLoadedEditorAssemblies (238ms)
				LogAssemblyErrors (0ms)
				InitializePlatformSupportModulesInManaged (22ms)
				SetLoadedEditorAssemblies (0ms)
				RefreshPlugins (0ms)
				BeforeProcessingInitializeOnLoad (43ms)
				ProcessInitializeOnLoadAttributes (147ms)
				ProcessInitializeOnLoadMethodAttributes (22ms)
				AfterProcessingInitializeOnLoad (3ms)
				EditorAssembliesLoaded (0ms)
			ExecutionOrderSort2 (0ms)
			AwakeInstancesAfterBackupRestoration (4ms)
Platform modules already initialized, skipping
Refreshing native plugins compatible for Editor in 1.55 ms, found 3 plugins.
Preloading 0 native plugins for Editor in 0.00 ms.
Unloading 3430 Unused Serialized files (Serialized files now loaded: 0)
Unloading 20 unused Assets / (80.0 KB). Loaded Objects now: 3925.
Memory consumption went from 123.3 MB to 123.2 MB.
Total: 2.118100 ms (FindLiveObjects: 0.182400 ms CreateObjectMapping: 0.092400 ms MarkObjects: 1.784300 ms  DeleteObjects: 0.058200 ms)

AssetImportParameters requested are different than current active one (requested -> active):
  custom:video-decoder-ogg-theora: a1e56fd34408186e4bbccfd4996cb3dc -> 
  custom:container-muxer-webm: aa71ff27fc2769a1b78a27578f13a17b -> 
  custom:container-demuxer-webm: 4f35f7cbe854078d1ac9338744f61a02 -> 
  custom:video-encoder-webm-vp8: eb34c28f22e8b96e1ab97ce403110664 -> 
  custom:audio-encoder-webm-vorbis: bf7c407c2cedff20999df2af8eb42d56 -> 
  custom:framework-win-MediaFoundation: 216162199b28c13a410421893ffa2e32 -> 
  custom:container-demuxer-ogg: 62fdf1f143b41e24485cea50d1cbac27 -> 
  custom:video-decoder-webm-vp8: 9c59270c3fd7afecdb556c50c9e8de78 -> 
  custom:audio-decoder-ogg-vorbis: bf7c407c2cedff20999df2af8eb42d56 -> 
========================================================================
Received Prepare
Registering precompiled user dll's ...
Registered in 0.002499 seconds.
Begin MonoManager ReloadAssembly
Symbol file LoadedFromMemory doesn't match image C:\Users\GAME2\Documents\GitHub\Bowend_GameJam_Unity\Library\PackageCache\com.unity.visualscripting@1.7.8\Editor\VisualScripting.Core\Dependencies\YamlDotNet\Unity.VisualScripting.YamlDotNet.dll
Symbol file LoadedFromMemory doesn't match image C:\Users\GAME2\Documents\GitHub\Bowend_GameJam_Unity\Library\PackageCache\com.unity.visualscripting@1.7.8\Editor\VisualScripting.Core\Dependencies\DotNetZip\Unity.VisualScripting.IonicZip.dll
Native extension for WindowsStandalone target not found
Native extension for iOS target not found
Native extension for Android target not found
Refreshing native plugins compatible for Editor in 0.42 ms, found 3 plugins.
Preloading 0 native plugins for Editor in 0.00 ms.
Mono: successfully reloaded assembly
- Completed reload, in  0.680 seconds
Domain Reload Profiling:
	ReloadAssembly (681ms)
		BeginReloadAssembly (91ms)
			ExecutionOrderSort (0ms)
			DisableScriptedObjects (4ms)
			BackupInstance (0ms)
			ReleaseScriptingObjects (0ms)
			CreateAndSetChildDomain (24ms)
		EndReloadAssembly (530ms)
			LoadAssemblies (54ms)
			RebuildTransferFunctionScriptingTraits (0ms)
			SetupTypeCache (181ms)
			ReleaseScriptCaches (2ms)
			RebuildScriptCaches (25ms)
			SetupLoadedEditorAssemblies (236ms)
				LogAssemblyErrors (0ms)
				InitializePlatformSupportModulesInManaged (21ms)
				SetLoadedEditorAssemblies (0ms)
				RefreshPlugins (0ms)
				BeforeProcessingInitializeOnLoad (44ms)
				ProcessInitializeOnLoadAttributes (147ms)
				ProcessInitializeOnLoadMethodAttributes (21ms)
				AfterProcessingInitializeOnLoad (2ms)
				EditorAssembliesLoaded (0ms)
			ExecutionOrderSort2 (0ms)
			AwakeInstancesAfterBackupRestoration (4ms)
Platform modules already initialized, skipping
Refreshing native plugins compatible for Editor in 1.07 ms, found 3 plugins.
Preloading 0 native plugins for Editor in 0.00 ms.
Unloading 3430 Unused Serialized files (Serialized files now loaded: 0)
Unloading 20 unused Assets / (79.8 KB). Loaded Objects now: 3928.
Memory consumption went from 123.3 MB to 123.2 MB.
Total: 1.939300 ms (FindLiveObjects: 0.181000 ms CreateObjectMapping: 0.092300 ms MarkObjects: 1.593300 ms  DeleteObjects: 0.071600 ms)

AssetImportParameters requested are different than current active one (requested -> active):
  custom:video-decoder-ogg-theora: a1e56fd34408186e4bbccfd4996cb3dc -> 
  custom:container-muxer-webm: aa71ff27fc2769a1b78a27578f13a17b -> 
  custom:container-demuxer-webm: 4f35f7cbe854078d1ac9338744f61a02 -> 
  custom:video-encoder-webm-vp8: eb34c28f22e8b96e1ab97ce403110664 -> 
  custom:audio-encoder-webm-vorbis: bf7c407c2cedff20999df2af8eb42d56 -> 
  custom:framework-win-MediaFoundation: 216162199b28c13a410421893ffa2e32 -> 
  custom:container-demuxer-ogg: 62fdf1f143b41e24485cea50d1cbac27 -> 
  custom:video-decoder-webm-vp8: 9c59270c3fd7afecdb556c50c9e8de78 -> 
  custom:audio-decoder-ogg-vorbis: bf7c407c2cedff20999df2af8eb42d56 -> 
========================================================================
Received Prepare
Registering precompiled user dll's ...
Registered in 0.004297 seconds.
Begin MonoManager ReloadAssembly
Symbol file LoadedFromMemory doesn't match image C:\Users\GAME2\Documents\GitHub\Bowend_GameJam_Unity\Library\PackageCache\com.unity.visualscripting@1.7.8\Editor\VisualScripting.Core\Dependencies\YamlDotNet\Unity.VisualScripting.YamlDotNet.dll
Symbol file LoadedFromMemory doesn't match image C:\Users\GAME2\Documents\GitHub\Bowend_GameJam_Unity\Library\PackageCache\com.unity.visualscripting@1.7.8\Editor\VisualScripting.Core\Dependencies\DotNetZip\Unity.VisualScripting.IonicZip.dll
Native extension for WindowsStandalone target not found
Native extension for iOS target not found
Native extension for Android target not found
Refreshing native plugins compatible for Editor in 0.48 ms, found 3 plugins.
Preloading 0 native plugins for Editor in 0.00 ms.
Mono: successfully reloaded assembly
- Completed reload, in  0.684 seconds
Domain Reload Profiling:
	ReloadAssembly (684ms)
		BeginReloadAssembly (94ms)
			ExecutionOrderSort (0ms)
			DisableScriptedObjects (3ms)
			BackupInstance (0ms)
			ReleaseScriptingObjects (0ms)
			CreateAndSetChildDomain (24ms)
		EndReloadAssembly (523ms)
			LoadAssemblies (58ms)
			RebuildTransferFunctionScriptingTraits (0ms)
			SetupTypeCache (177ms)
			ReleaseScriptCaches (1ms)
			RebuildScriptCaches (27ms)
			SetupLoadedEditorAssemblies (238ms)
				LogAssemblyErrors (0ms)
				InitializePlatformSupportModulesInManaged (22ms)
				SetLoadedEditorAssemblies (0ms)
				RefreshPlugins (1ms)
				BeforeProcessingInitializeOnLoad (45ms)
				ProcessInitializeOnLoadAttributes (152ms)
				ProcessInitializeOnLoadMethodAttributes (17ms)
				AfterProcessingInitializeOnLoad (2ms)
				EditorAssembliesLoaded (0ms)
			ExecutionOrderSort2 (0ms)
			AwakeInstancesAfterBackupRestoration (4ms)
Platform modules already initialized, skipping
Refreshing native plugins compatible for Editor in 1.05 ms, found 3 plugins.
Preloading 0 native plugins for Editor in 0.00 ms.
Unloading 3430 Unused Serialized files (Serialized files now loaded: 0)
Unloading 20 unused Assets / (79.8 KB). Loaded Objects now: 3931.
Memory consumption went from 123.3 MB to 123.2 MB.
Total: 1.944500 ms (FindLiveObjects: 0.177200 ms CreateObjectMapping: 0.094200 ms MarkObjects: 1.615300 ms  DeleteObjects: 0.057000 ms)

AssetImportParameters requested are different than current active one (requested -> active):
  custom:video-decoder-ogg-theora: a1e56fd34408186e4bbccfd4996cb3dc -> 
  custom:container-muxer-webm: aa71ff27fc2769a1b78a27578f13a17b -> 
  custom:container-demuxer-webm: 4f35f7cbe854078d1ac9338744f61a02 -> 
  custom:video-encoder-webm-vp8: eb34c28f22e8b96e1ab97ce403110664 -> 
  custom:audio-encoder-webm-vorbis: bf7c407c2cedff20999df2af8eb42d56 -> 
  custom:framework-win-MediaFoundation: 216162199b28c13a410421893ffa2e32 -> 
  custom:container-demuxer-ogg: 62fdf1f143b41e24485cea50d1cbac27 -> 
  custom:video-decoder-webm-vp8: 9c59270c3fd7afecdb556c50c9e8de78 -> 
  custom:audio-decoder-ogg-vorbis: bf7c407c2cedff20999df2af8eb42d56 -> 
========================================================================
Received Prepare
Registering precompiled user dll's ...
Registered in 0.002390 seconds.
Begin MonoManager ReloadAssembly
Symbol file LoadedFromMemory doesn't match image C:\Users\GAME2\Documents\GitHub\Bowend_GameJam_Unity\Library\PackageCache\com.unity.visualscripting@1.7.8\Editor\VisualScripting.Core\Dependencies\YamlDotNet\Unity.VisualScripting.YamlDotNet.dll
Symbol file LoadedFromMemory doesn't match image C:\Users\GAME2\Documents\GitHub\Bowend_GameJam_Unity\Library\PackageCache\com.unity.visualscripting@1.7.8\Editor\VisualScripting.Core\Dependencies\DotNetZip\Unity.VisualScripting.IonicZip.dll
Native extension for WindowsStandalone target not found
Native extension for iOS target not found
Native extension for Android target not found
Refreshing native plugins compatible for Editor in 0.46 ms, found 3 plugins.
Preloading 0 native plugins for Editor in 0.00 ms.
Mono: successfully reloaded assembly
- Completed reload, in  0.735 seconds
Domain Reload Profiling:
	ReloadAssembly (736ms)
		BeginReloadAssembly (87ms)
			ExecutionOrderSort (0ms)
			DisableScriptedObjects (4ms)
			BackupInstance (0ms)
			ReleaseScriptingObjects (0ms)
			CreateAndSetChildDomain (23ms)
		EndReloadAssembly (584ms)
			LoadAssemblies (49ms)
			RebuildTransferFunctionScriptingTraits (0ms)
			SetupTypeCache (209ms)
			ReleaseScriptCaches (1ms)
			RebuildScriptCaches (30ms)
			SetupLoadedEditorAssemblies (257ms)
				LogAssemblyErrors (0ms)
				InitializePlatformSupportModulesInManaged (25ms)
				SetLoadedEditorAssemblies (0ms)
				RefreshPlugins (1ms)
				BeforeProcessingInitializeOnLoad (45ms)
				ProcessInitializeOnLoadAttributes (162ms)
				ProcessInitializeOnLoadMethodAttributes (21ms)
				AfterProcessingInitializeOnLoad (3ms)
				EditorAssembliesLoaded (0ms)
			ExecutionOrderSort2 (0ms)
			AwakeInstancesAfterBackupRestoration (4ms)
Platform modules already initialized, skipping
Refreshing native plugins compatible for Editor in 1.23 ms, found 3 plugins.
Preloading 0 native plugins for Editor in 0.00 ms.
Unloading 3430 Unused Serialized files (Serialized files now loaded: 0)
Unloading 20 unused Assets / (79.8 KB). Loaded Objects now: 3934.
Memory consumption went from 123.3 MB to 123.2 MB.
Total: 2.014200 ms (FindLiveObjects: 0.179300 ms CreateObjectMapping: 0.099000 ms MarkObjects: 1.672500 ms  DeleteObjects: 0.062000 ms)

AssetImportParameters requested are different than current active one (requested -> active):
  custom:video-decoder-ogg-theora: a1e56fd34408186e4bbccfd4996cb3dc -> 
  custom:container-muxer-webm: aa71ff27fc2769a1b78a27578f13a17b -> 
  custom:container-demuxer-webm: 4f35f7cbe854078d1ac9338744f61a02 -> 
  custom:video-encoder-webm-vp8: eb34c28f22e8b96e1ab97ce403110664 -> 
  custom:audio-encoder-webm-vorbis: bf7c407c2cedff20999df2af8eb42d56 -> 
  custom:framework-win-MediaFoundation: 216162199b28c13a410421893ffa2e32 -> 
  custom:container-demuxer-ogg: 62fdf1f143b41e24485cea50d1cbac27 -> 
  custom:video-decoder-webm-vp8: 9c59270c3fd7afecdb556c50c9e8de78 -> 
  custom:audio-decoder-ogg-vorbis: bf7c407c2cedff20999df2af8eb42d56 -> 
========================================================================
Received Prepare
Registering precompiled user dll's ...
Registered in 0.002479 seconds.
Begin MonoManager ReloadAssembly
Symbol file LoadedFromMemory doesn't match image C:\Users\GAME2\Documents\GitHub\Bowend_GameJam_Unity\Library\PackageCache\com.unity.visualscripting@1.7.8\Editor\VisualScripting.Core\Dependencies\YamlDotNet\Unity.VisualScripting.YamlDotNet.dll
Symbol file LoadedFromMemory doesn't match image C:\Users\GAME2\Documents\GitHub\Bowend_GameJam_Unity\Library\PackageCache\com.unity.visualscripting@1.7.8\Editor\VisualScripting.Core\Dependencies\DotNetZip\Unity.VisualScripting.IonicZip.dll
Native extension for WindowsStandalone target not found
Native extension for iOS target not found
Native extension for Android target not found
Refreshing native plugins compatible for Editor in 0.45 ms, found 3 plugins.
Preloading 0 native plugins for Editor in 0.00 ms.
Mono: successfully reloaded assembly
- Completed reload, in  0.704 seconds
Domain Reload Profiling:
	ReloadAssembly (705ms)
		BeginReloadAssembly (90ms)
			ExecutionOrderSort (0ms)
			DisableScriptedObjects (4ms)
			BackupInstance (0ms)
			ReleaseScriptingObjects (0ms)
			CreateAndSetChildDomain (25ms)
		EndReloadAssembly (550ms)
			LoadAssemblies (53ms)
			RebuildTransferFunctionScriptingTraits (0ms)
			SetupTypeCache (181ms)
			ReleaseScriptCaches (1ms)
			RebuildScriptCaches (30ms)
			SetupLoadedEditorAssemblies (249ms)
				LogAssemblyErrors (0ms)
				InitializePlatformSupportModulesInManaged (22ms)
				SetLoadedEditorAssemblies (0ms)
				RefreshPlugins (1ms)
				BeforeProcessingInitializeOnLoad (44ms)
				ProcessInitializeOnLoadAttributes (159ms)
				ProcessInitializeOnLoadMethodAttributes (21ms)
				AfterProcessingInitializeOnLoad (2ms)
				EditorAssembliesLoaded (0ms)
			ExecutionOrderSort2 (0ms)
			AwakeInstancesAfterBackupRestoration (4ms)
Platform modules already initialized, skipping
Refreshing native plugins compatible for Editor in 1.44 ms, found 3 plugins.
Preloading 0 native plugins for Editor in 0.00 ms.
Unloading 3430 Unused Serialized files (Serialized files now loaded: 0)
Unloading 20 unused Assets / (79.8 KB). Loaded Objects now: 3937.
Memory consumption went from 123.3 MB to 123.2 MB.
Total: 2.104900 ms (FindLiveObjects: 0.185200 ms CreateObjectMapping: 0.106200 ms MarkObjects: 1.742900 ms  DeleteObjects: 0.069500 ms)

AssetImportParameters requested are different than current active one (requested -> active):
  custom:video-decoder-ogg-theora: a1e56fd34408186e4bbccfd4996cb3dc -> 
  custom:container-muxer-webm: aa71ff27fc2769a1b78a27578f13a17b -> 
  custom:container-demuxer-webm: 4f35f7cbe854078d1ac9338744f61a02 -> 
  custom:video-encoder-webm-vp8: eb34c28f22e8b96e1ab97ce403110664 -> 
  custom:audio-encoder-webm-vorbis: bf7c407c2cedff20999df2af8eb42d56 -> 
  custom:framework-win-MediaFoundation: 216162199b28c13a410421893ffa2e32 -> 
  custom:container-demuxer-ogg: 62fdf1f143b41e24485cea50d1cbac27 -> 
  custom:video-decoder-webm-vp8: 9c59270c3fd7afecdb556c50c9e8de78 -> 
  custom:audio-decoder-ogg-vorbis: bf7c407c2cedff20999df2af8eb42d56 -> 
========================================================================
Received Prepare
Registering precompiled user dll's ...
Registered in 0.002831 seconds.
Begin MonoManager ReloadAssembly
Symbol file LoadedFromMemory doesn't match image C:\Users\GAME2\Documents\GitHub\Bowend_GameJam_Unity\Library\PackageCache\com.unity.visualscripting@1.7.8\Editor\VisualScripting.Core\Dependencies\YamlDotNet\Unity.VisualScripting.YamlDotNet.dll
Symbol file LoadedFromMemory doesn't match image C:\Users\GAME2\Documents\GitHub\Bowend_GameJam_Unity\Library\PackageCache\com.unity.visualscripting@1.7.8\Editor\VisualScripting.Core\Dependencies\DotNetZip\Unity.VisualScripting.IonicZip.dll
Native extension for WindowsStandalone target not found
Native extension for iOS target not found
Native extension for Android target not found
Refreshing native plugins compatible for Editor in 0.69 ms, found 3 plugins.
Preloading 0 native plugins for Editor in 0.00 ms.
Mono: successfully reloaded assembly
- Completed reload, in  0.697 seconds
Domain Reload Profiling:
	ReloadAssembly (697ms)
		BeginReloadAssembly (89ms)
			ExecutionOrderSort (0ms)
			DisableScriptedObjects (6ms)
			BackupInstance (0ms)
			ReleaseScriptingObjects (0ms)
			CreateAndSetChildDomain (23ms)
		EndReloadAssembly (543ms)
			LoadAssemblies (53ms)
			RebuildTransferFunctionScriptingTraits (0ms)
			SetupTypeCache (174ms)
			ReleaseScriptCaches (1ms)
			RebuildScriptCaches (29ms)
			SetupLoadedEditorAssemblies (251ms)
				LogAssemblyErrors (0ms)
				InitializePlatformSupportModulesInManaged (24ms)
				SetLoadedEditorAssemblies (0ms)
				RefreshPlugins (1ms)
				BeforeProcessingInitializeOnLoad (46ms)
				ProcessInitializeOnLoadAttributes (154ms)
				ProcessInitializeOnLoadMethodAttributes (23ms)
				AfterProcessingInitializeOnLoad (2ms)
				EditorAssembliesLoaded (0ms)
			ExecutionOrderSort2 (0ms)
			AwakeInstancesAfterBackupRestoration (4ms)
Platform modules already initialized, skipping
Refreshing native plugins compatible for Editor in 1.21 ms, found 3 plugins.
Preloading 0 native plugins for Editor in 0.00 ms.
Unloading 3430 Unused Serialized files (Serialized files now loaded: 0)
Unloading 20 unused Assets / (79.9 KB). Loaded Objects now: 3940.
Memory consumption went from 123.3 MB to 123.2 MB.
Total: 2.010200 ms (FindLiveObjects: 0.181700 ms CreateObjectMapping: 0.095100 ms MarkObjects: 1.668000 ms  DeleteObjects: 0.064600 ms)

AssetImportParameters requested are different than current active one (requested -> active):
  custom:video-decoder-ogg-theora: a1e56fd34408186e4bbccfd4996cb3dc -> 
  custom:container-muxer-webm: aa71ff27fc2769a1b78a27578f13a17b -> 
  custom:container-demuxer-webm: 4f35f7cbe854078d1ac9338744f61a02 -> 
  custom:video-encoder-webm-vp8: eb34c28f22e8b96e1ab97ce403110664 -> 
  custom:audio-encoder-webm-vorbis: bf7c407c2cedff20999df2af8eb42d56 -> 
  custom:framework-win-MediaFoundation: 216162199b28c13a410421893ffa2e32 -> 
  custom:container-demuxer-ogg: 62fdf1f143b41e24485cea50d1cbac27 -> 
  custom:video-decoder-webm-vp8: 9c59270c3fd7afecdb556c50c9e8de78 -> 
  custom:audio-decoder-ogg-vorbis: bf7c407c2cedff20999df2af8eb42d56 -> 
========================================================================
Received Prepare
Registering precompiled user dll's ...
Registered in 0.002409 seconds.
Begin MonoManager ReloadAssembly
Symbol file LoadedFromMemory doesn't match image C:\Users\GAME2\Documents\GitHub\Bowend_GameJam_Unity\Library\PackageCache\com.unity.visualscripting@1.7.8\Editor\VisualScripting.Core\Dependencies\YamlDotNet\Unity.VisualScripting.YamlDotNet.dll
Symbol file LoadedFromMemory doesn't match image C:\Users\GAME2\Documents\GitHub\Bowend_GameJam_Unity\Library\PackageCache\com.unity.visualscripting@1.7.8\Editor\VisualScripting.Core\Dependencies\DotNetZip\Unity.VisualScripting.IonicZip.dll
Native extension for WindowsStandalone target not found
Native extension for iOS target not found
Native extension for Android target not found
Refreshing native plugins compatible for Editor in 0.49 ms, found 3 plugins.
Preloading 0 native plugins for Editor in 0.00 ms.
Mono: successfully reloaded assembly
- Completed reload, in  0.700 seconds
Domain Reload Profiling:
	ReloadAssembly (701ms)
		BeginReloadAssembly (88ms)
			ExecutionOrderSort (0ms)
			DisableScriptedObjects (4ms)
			BackupInstance (0ms)
			ReleaseScriptingObjects (0ms)
			CreateAndSetChildDomain (23ms)
		EndReloadAssembly (552ms)
			LoadAssemblies (51ms)
			RebuildTransferFunctionScriptingTraits (0ms)
			SetupTypeCache (189ms)
			ReleaseScriptCaches (1ms)
			RebuildScriptCaches (29ms)
			SetupLoadedEditorAssemblies (247ms)
				LogAssemblyErrors (0ms)
				InitializePlatformSupportModulesInManaged (24ms)
				SetLoadedEditorAssemblies (1ms)
				RefreshPlugins (1ms)
				BeforeProcessingInitializeOnLoad (46ms)
				ProcessInitializeOnLoadAttributes (152ms)
				ProcessInitializeOnLoadMethodAttributes (21ms)
				AfterProcessingInitializeOnLoad (2ms)
				EditorAssembliesLoaded (0ms)
			ExecutionOrderSort2 (0ms)
			AwakeInstancesAfterBackupRestoration (4ms)
Platform modules already initialized, skipping
Refreshing native plugins compatible for Editor in 1.18 ms, found 3 plugins.
Preloading 0 native plugins for Editor in 0.00 ms.
Unloading 3430 Unused Serialized files (Serialized files now loaded: 0)
Unloading 20 unused Assets / (79.9 KB). Loaded Objects now: 3943.
Memory consumption went from 123.3 MB to 123.2 MB.
Total: 2.207200 ms (FindLiveObjects: 0.199700 ms CreateObjectMapping: 0.096200 ms MarkObjects: 1.834200 ms  DeleteObjects: 0.075700 ms)

AssetImportParameters requested are different than current active one (requested -> active):
  custom:video-decoder-ogg-theora: a1e56fd34408186e4bbccfd4996cb3dc -> 
  custom:container-muxer-webm: aa71ff27fc2769a1b78a27578f13a17b -> 
  custom:container-demuxer-webm: 4f35f7cbe854078d1ac9338744f61a02 -> 
  custom:video-encoder-webm-vp8: eb34c28f22e8b96e1ab97ce403110664 -> 
  custom:audio-encoder-webm-vorbis: bf7c407c2cedff20999df2af8eb42d56 -> 
  custom:framework-win-MediaFoundation: 216162199b28c13a410421893ffa2e32 -> 
  custom:container-demuxer-ogg: 62fdf1f143b41e24485cea50d1cbac27 -> 
  custom:video-decoder-webm-vp8: 9c59270c3fd7afecdb556c50c9e8de78 -> 
  custom:audio-decoder-ogg-vorbis: bf7c407c2cedff20999df2af8eb42d56 -> 
========================================================================
Received Import Request.
  Time since last request: 539.240350 seconds.
  path: Assets/Scenes/MainMenu.unity
  artifactKey: Guid(6587db7a6416b5540ae0035aedd020b9) Importer(815301076,1909f56bfc062723c751e8b465ee728b)
Start importing Assets/Scenes/MainMenu.unity using Guid(6587db7a6416b5540ae0035aedd020b9) Importer(815301076,1909f56bfc062723c751e8b465ee728b)  -> (artifact id: 'a717bd00406293e8690968f93f138e0b') in 0.005659 seconds 
========================================================================
Received Import Request.
  Time since last request: 36.827421 seconds.
  path: Assets/Scenes/MainScene.unity
  artifactKey: Guid(9fc0d4010bbf28b4594072e72b8655ab) Importer(815301076,1909f56bfc062723c751e8b465ee728b)
Start importing Assets/Scenes/MainScene.unity using Guid(9fc0d4010bbf28b4594072e72b8655ab) Importer(815301076,1909f56bfc062723c751e8b465ee728b)  -> (artifact id: '495f9b9a4534c4ea6794a83ee8d96eca') in 0.002427 seconds 
========================================================================
Received Import Request.
  Time since last request: 23.859884 seconds.
  path: Assets/Texture/sol.jpg
  artifactKey: Guid(0eb4ff965b6fb7c4fa3ef1b064935b39) Importer(815301076,1909f56bfc062723c751e8b465ee728b)
Start importing Assets/Texture/sol.jpg using Guid(0eb4ff965b6fb7c4fa3ef1b064935b39) Importer(815301076,1909f56bfc062723c751e8b465ee728b)  -> (artifact id: '03425ea8d04539f5de184c50a3d33b2b') in 0.060098 seconds 
========================================================================
Received Import Request.
  Time since last request: 51.490288 seconds.
  path: Assets/Texture/sol.jpg
  artifactKey: Guid(0eb4ff965b6fb7c4fa3ef1b064935b39) Importer(815301076,1909f56bfc062723c751e8b465ee728b)
Start importing Assets/Texture/sol.jpg using Guid(0eb4ff965b6fb7c4fa3ef1b064935b39) Importer(815301076,1909f56bfc062723c751e8b465ee728b)  -> (artifact id: 'a29a34c2a6060e133e80f5f3d2edfc2e') in 0.013391 seconds 
========================================================================
Received Import Request.
  Time since last request: 31.632905 seconds.
  path: Assets/Texture/sol.jpg
  artifactKey: Guid(0eb4ff965b6fb7c4fa3ef1b064935b39) Importer(815301076,1909f56bfc062723c751e8b465ee728b)
Start importing Assets/Texture/sol.jpg using Guid(0eb4ff965b6fb7c4fa3ef1b064935b39) Importer(815301076,1909f56bfc062723c751e8b465ee728b)  -> (artifact id: 'd23fd4f916cca6f6ca4b5efafdd6315f') in 0.013574 seconds 
========================================================================
Received Import Request.
  Time since last request: 79.601038 seconds.
  path: Assets/Texture/mur.jpg
  artifactKey: Guid(b883ca81137fab047a4ca7230808d519) Importer(815301076,1909f56bfc062723c751e8b465ee728b)
Start importing Assets/Texture/mur.jpg using Guid(b883ca81137fab047a4ca7230808d519) Importer(815301076,1909f56bfc062723c751e8b465ee728b)  -> (artifact id: 'a8fbbc2f162cfaf9aa961107911c7ece') in 0.015696 seconds 
========================================================================
Received Import Request.
  Time since last request: 47.092137 seconds.
  path: Assets/Texture/bois.jpg
  artifactKey: Guid(dda147ffbf7ab2e4bb38025316f569e8) Importer(815301076,1909f56bfc062723c751e8b465ee728b)
Start importing Assets/Texture/bois.jpg using Guid(dda147ffbf7ab2e4bb38025316f569e8) Importer(815301076,1909f56bfc062723c751e8b465ee728b)  -> (artifact id: '2d6820f54292e31c2e87b512497a9357') in 0.010914 seconds 
========================================================================
Received Import Request.
  Time since last request: 102.521492 seconds.
  path: Assets/Texture/envrio.jpg
  artifactKey: Guid(b7bf3644ea2c13343860712279db5c4a) Importer(815301076,1909f56bfc062723c751e8b465ee728b)
Start importing Assets/Texture/envrio.jpg using Guid(b7bf3644ea2c13343860712279db5c4a) Importer(815301076,1909f56bfc062723c751e8b465ee728b)  -> (artifact id: '5085dc338c5c3f55b4254e4d957b536b') in 0.008155 seconds 
========================================================================
Received Import Request.
  Time since last request: 131.494807 seconds.
  path: Assets/Texture/enviro.jpg
  artifactKey: Guid(73c6038c71f2ddc4e9931c768f65168a) Importer(815301076,1909f56bfc062723c751e8b465ee728b)
Start importing Assets/Texture/enviro.jpg using Guid(73c6038c71f2ddc4e9931c768f65168a) Importer(815301076,1909f56bfc062723c751e8b465ee728b)  -> (artifact id: '409075c30fb949de1490381910041482') in 0.011112 seconds 
========================================================================
Received Import Request.
  Time since last request: 21.871821 seconds.
  path: Assets/Texture/enviro1.jpg
  artifactKey: Guid(80d61c0bae1820741b27ac99dc8dbc58) Importer(815301076,1909f56bfc062723c751e8b465ee728b)
Start importing Assets/Texture/enviro1.jpg using Guid(80d61c0bae1820741b27ac99dc8dbc58) Importer(815301076,1909f56bfc062723c751e8b465ee728b)  -> (artifact id: '18090c88b0818a96f6054406ff485539') in 0.015231 seconds 
========================================================================
Received Import Request.
  Time since last request: 44.603945 seconds.
  path: Assets/Texture/enviro1.jpg
  artifactKey: Guid(80d61c0bae1820741b27ac99dc8dbc58) Importer(815301076,1909f56bfc062723c751e8b465ee728b)
Start importing Assets/Texture/enviro1.jpg using Guid(80d61c0bae1820741b27ac99dc8dbc58) Importer(815301076,1909f56bfc062723c751e8b465ee728b)  -> (artifact id: '5c51de139350496312224d3a44dfb563') in 0.013504 seconds 
========================================================================
Received Import Request.
  Time since last request: 98.685536 seconds.
  path: Assets/Texture/mur1.jpg
  artifactKey: Guid(16bf64b7ae7931b4a8865ec0c467dd88) Importer(815301076,1909f56bfc062723c751e8b465ee728b)
Start importing Assets/Texture/mur1.jpg using Guid(16bf64b7ae7931b4a8865ec0c467dd88) Importer(815301076,1909f56bfc062723c751e8b465ee728b)  -> (artifact id: 'da8cd82371ea5e24f1ecb3430c8129af') in 0.009471 seconds 
========================================================================
Received Import Request.
  Time since last request: 4.377809 seconds.
  path: Assets/Texture/sol1.jpg
  artifactKey: Guid(c8fab79d1fb64514e8a1c84e259ee768) Importer(815301076,1909f56bfc062723c751e8b465ee728b)
Start importing Assets/Texture/sol1.jpg using Guid(c8fab79d1fb64514e8a1c84e259ee768) Importer(815301076,1909f56bfc062723c751e8b465ee728b)  -> (artifact id: 'e216c8007f132ce738cdcb441635a4bc') in 0.012866 seconds 
========================================================================
Received Import Request.
  Time since last request: 18.496956 seconds.
  path: Assets/Texture/sol2.jpg
  artifactKey: Guid(25bdc7379f1152d47a8af36bfcd591f3) Importer(815301076,1909f56bfc062723c751e8b465ee728b)
Start importing Assets/Texture/sol2.jpg using Guid(25bdc7379f1152d47a8af36bfcd591f3) Importer(815301076,1909f56bfc062723c751e8b465ee728b)  -> (artifact id: 'd99b95085f7c75697e1390fd7a529297') in 0.013702 seconds 
========================================================================
Received Prepare
Registering precompiled user dll's ...
Registered in 0.002504 seconds.
Begin MonoManager ReloadAssembly
Symbol file LoadedFromMemory doesn't match image C:\Users\GAME2\Documents\GitHub\Bowend_GameJam_Unity\Library\PackageCache\com.unity.visualscripting@1.7.8\Editor\VisualScripting.Core\Dependencies\YamlDotNet\Unity.VisualScripting.YamlDotNet.dll
Symbol file LoadedFromMemory doesn't match image C:\Users\GAME2\Documents\GitHub\Bowend_GameJam_Unity\Library\PackageCache\com.unity.visualscripting@1.7.8\Editor\VisualScripting.Core\Dependencies\DotNetZip\Unity.VisualScripting.IonicZip.dll
Native extension for WindowsStandalone target not found
Native extension for iOS target not found
Native extension for Android target not found
Refreshing native plugins compatible for Editor in 0.46 ms, found 3 plugins.
Preloading 0 native plugins for Editor in 0.00 ms.
Mono: successfully reloaded assembly
- Completed reload, in  0.696 seconds
Domain Reload Profiling:
	ReloadAssembly (696ms)
		BeginReloadAssembly (92ms)
			ExecutionOrderSort (0ms)
			DisableScriptedObjects (4ms)
			BackupInstance (0ms)
			ReleaseScriptingObjects (0ms)
			CreateAndSetChildDomain (29ms)
		EndReloadAssembly (532ms)
			LoadAssemblies (52ms)
			RebuildTransferFunctionScriptingTraits (0ms)
			SetupTypeCache (179ms)
			ReleaseScriptCaches (1ms)
			RebuildScriptCaches (29ms)
			SetupLoadedEditorAssemblies (242ms)
				LogAssemblyErrors (0ms)
				InitializePlatformSupportModulesInManaged (22ms)
				SetLoadedEditorAssemblies (0ms)
				RefreshPlugins (1ms)
				BeforeProcessingInitializeOnLoad (45ms)
				ProcessInitializeOnLoadAttributes (151ms)
				ProcessInitializeOnLoadMethodAttributes (20ms)
				AfterProcessingInitializeOnLoad (3ms)
				EditorAssembliesLoaded (0ms)
			ExecutionOrderSort2 (0ms)
			AwakeInstancesAfterBackupRestoration (4ms)
Platform modules already initialized, skipping
Refreshing native plugins compatible for Editor in 1.47 ms, found 3 plugins.
Preloading 0 native plugins for Editor in 0.00 ms.
Unloading 3430 Unused Serialized files (Serialized files now loaded: 0)
Unloading 20 unused Assets / (79.7 KB). Loaded Objects now: 3949.
Memory consumption went from 123.4 MB to 123.3 MB.
Total: 2.088700 ms (FindLiveObjects: 0.175300 ms CreateObjectMapping: 0.101800 ms MarkObjects: 1.747000 ms  DeleteObjects: 0.064000 ms)

AssetImportParameters requested are different than current active one (requested -> active):
  custom:video-decoder-ogg-theora: a1e56fd34408186e4bbccfd4996cb3dc -> 
  custom:container-muxer-webm: aa71ff27fc2769a1b78a27578f13a17b -> 
  custom:container-demuxer-webm: 4f35f7cbe854078d1ac9338744f61a02 -> 
  custom:video-encoder-webm-vp8: eb34c28f22e8b96e1ab97ce403110664 -> 
  custom:audio-encoder-webm-vorbis: bf7c407c2cedff20999df2af8eb42d56 -> 
  custom:framework-win-MediaFoundation: 216162199b28c13a410421893ffa2e32 -> 
  custom:container-demuxer-ogg: 62fdf1f143b41e24485cea50d1cbac27 -> 
  custom:video-decoder-webm-vp8: 9c59270c3fd7afecdb556c50c9e8de78 -> 
  custom:audio-decoder-ogg-vorbis: bf7c407c2cedff20999df2af8eb42d56 -> 
========================================================================
Received Import Request.
  Time since last request: 75.527174 seconds.
  path: Assets/Prefabs/Player.prefab
  artifactKey: Guid(75a54967a7c838c4d9ff61ea9190786d) Importer(815301076,1909f56bfc062723c751e8b465ee728b)
Start importing Assets/Prefabs/Player.prefab using Guid(75a54967a7c838c4d9ff61ea9190786d) Importer(815301076,1909f56bfc062723c751e8b465ee728b)  -> (artifact id: 'f4447c33b3c7886c850ed4ed82828d8b') in 0.051990 seconds 
========================================================================
Received Import Request.
  Time since last request: 12.874790 seconds.
  path: Assets/Prefabs/Enemy.prefab
  artifactKey: Guid(5ade0adca5b02794a9be15e669ced420) Importer(815301076,1909f56bfc062723c751e8b465ee728b)
Start importing Assets/Prefabs/Enemy.prefab using Guid(5ade0adca5b02794a9be15e669ced420) Importer(815301076,1909f56bfc062723c751e8b465ee728b)  -> (artifact id: '42e56dc9dccbdf87c1d69c95826ee86f') in 0.017899 seconds 
========================================================================
Received Import Request.
  Time since last request: 0.732431 seconds.
  path: Assets/Prefabs/Enemy.prefab
  artifactKey: Guid(5ade0adca5b02794a9be15e669ced420) Importer(815301076,1909f56bfc062723c751e8b465ee728b)
Start importing Assets/Prefabs/Enemy.prefab using Guid(5ade0adca5b02794a9be15e669ced420) Importer(815301076,1909f56bfc062723c751e8b465ee728b)  -> (artifact id: '1086c7e14ac7413d7da6edae1caf6c93') in 0.010897 seconds 
========================================================================
Received Import Request.
  Time since last request: 6.913132 seconds.
  path: Assets/Prefabs/Enemy.prefab
  artifactKey: Guid(5ade0adca5b02794a9be15e669ced420) Importer(815301076,1909f56bfc062723c751e8b465ee728b)
Start importing Assets/Prefabs/Enemy.prefab using Guid(5ade0adca5b02794a9be15e669ced420) Importer(815301076,1909f56bfc062723c751e8b465ee728b)  -> (artifact id: '47cddefb34a5fdf806d56ef0f0eddde6') in 0.009179 seconds 
========================================================================
Received Import Request.
  Time since last request: 6.851138 seconds.
  path: Assets/Prefabs/Enemy.prefab
  artifactKey: Guid(5ade0adca5b02794a9be15e669ced420) Importer(815301076,1909f56bfc062723c751e8b465ee728b)
Start importing Assets/Prefabs/Enemy.prefab using Guid(5ade0adca5b02794a9be15e669ced420) Importer(815301076,1909f56bfc062723c751e8b465ee728b)  -> (artifact id: 'd24f0078354bdce2150c92db55588070') in 0.008646 seconds 
========================================================================
Received Import Request.
  Time since last request: 9.494534 seconds.
  path: Assets/Prefabs/Enemy.prefab
  artifactKey: Guid(5ade0adca5b02794a9be15e669ced420) Importer(815301076,1909f56bfc062723c751e8b465ee728b)
Start importing Assets/Prefabs/Enemy.prefab using Guid(5ade0adca5b02794a9be15e669ced420) Importer(815301076,1909f56bfc062723c751e8b465ee728b)  -> (artifact id: '5e0691fbf781186a55d9f351c4efcfb8') in 0.011638 seconds 
========================================================================
Received Import Request.
  Time since last request: 1.987299 seconds.
  path: Assets/Prefabs/Enemy.prefab
  artifactKey: Guid(5ade0adca5b02794a9be15e669ced420) Importer(815301076,1909f56bfc062723c751e8b465ee728b)
Start importing Assets/Prefabs/Enemy.prefab using Guid(5ade0adca5b02794a9be15e669ced420) Importer(815301076,1909f56bfc062723c751e8b465ee728b)  -> (artifact id: 'a0d7fe1d548be58541b729d7aae1cf78') in 0.011244 seconds 
========================================================================
Received Import Request.
  Time since last request: 4.235225 seconds.
  path: Assets/Prefabs/Enemy.prefab
  artifactKey: Guid(5ade0adca5b02794a9be15e669ced420) Importer(815301076,1909f56bfc062723c751e8b465ee728b)
Start importing Assets/Prefabs/Enemy.prefab using Guid(5ade0adca5b02794a9be15e669ced420) Importer(815301076,1909f56bfc062723c751e8b465ee728b)  -> (artifact id: 'fcb1e9e2e47c3b0f8055eabfec7e2620') in 0.016196 seconds 
========================================================================
Received Import Request.
  Time since last request: 0.782454 seconds.
  path: Assets/Prefabs/Enemy.prefab
  artifactKey: Guid(5ade0adca5b02794a9be15e669ced420) Importer(815301076,1909f56bfc062723c751e8b465ee728b)
Start importing Assets/Prefabs/Enemy.prefab using Guid(5ade0adca5b02794a9be15e669ced420) Importer(815301076,1909f56bfc062723c751e8b465ee728b)  -> (artifact id: 'f6060ab2991844a7839f4ce1d31f8341') in 0.012733 seconds 
========================================================================
Received Import Request.
  Time since last request: 5.309962 seconds.
  path: Assets/Prefabs/Enemy.prefab
  artifactKey: Guid(5ade0adca5b02794a9be15e669ced420) Importer(815301076,1909f56bfc062723c751e8b465ee728b)
Start importing Assets/Prefabs/Enemy.prefab using Guid(5ade0adca5b02794a9be15e669ced420) Importer(815301076,1909f56bfc062723c751e8b465ee728b)  -> (artifact id: '2fc2230718541b5544dd687f513c8a09') in 0.009119 seconds 
========================================================================
Received Import Request.
  Time since last request: 6.041334 seconds.
  path: Assets/Prefabs/Enemy.prefab
  artifactKey: Guid(5ade0adca5b02794a9be15e669ced420) Importer(815301076,1909f56bfc062723c751e8b465ee728b)
Start importing Assets/Prefabs/Enemy.prefab using Guid(5ade0adca5b02794a9be15e669ced420) Importer(815301076,1909f56bfc062723c751e8b465ee728b)  -> (artifact id: '150645bb419df17f62814319c0a96e32') in 0.014963 seconds 
========================================================================
Received Import Request.
  Time since last request: 1.405973 seconds.
  path: Assets/Prefabs/Enemy.prefab
  artifactKey: Guid(5ade0adca5b02794a9be15e669ced420) Importer(815301076,1909f56bfc062723c751e8b465ee728b)
Start importing Assets/Prefabs/Enemy.prefab using Guid(5ade0adca5b02794a9be15e669ced420) Importer(815301076,1909f56bfc062723c751e8b465ee728b)  -> (artifact id: '4603eeeb14e2a8bfac5ddf05927884ae') in 0.009901 seconds 
========================================================================
Received Import Request.
  Time since last request: 3.027477 seconds.
  path: Assets/Prefabs/Enemy.prefab
  artifactKey: Guid(5ade0adca5b02794a9be15e669ced420) Importer(815301076,1909f56bfc062723c751e8b465ee728b)
Start importing Assets/Prefabs/Enemy.prefab using Guid(5ade0adca5b02794a9be15e669ced420) Importer(815301076,1909f56bfc062723c751e8b465ee728b)  -> (artifact id: 'ee974e32a1d4d70c34fd07a59d031c9d') in 0.008683 seconds 
========================================================================
Received Import Request.
  Time since last request: 30.928384 seconds.
  path: Assets/Prefabs/Enemy.prefab
  artifactKey: Guid(5ade0adca5b02794a9be15e669ced420) Importer(815301076,1909f56bfc062723c751e8b465ee728b)
Start importing Assets/Prefabs/Enemy.prefab using Guid(5ade0adca5b02794a9be15e669ced420) Importer(815301076,1909f56bfc062723c751e8b465ee728b)  -> (artifact id: '9cdb04afba532155df87249b11268c11') in 0.010066 seconds 
========================================================================
Received Import Request.
  Time since last request: 5.264645 seconds.
  path: Assets/Prefabs/Enemy.prefab
  artifactKey: Guid(5ade0adca5b02794a9be15e669ced420) Importer(815301076,1909f56bfc062723c751e8b465ee728b)
Start importing Assets/Prefabs/Enemy.prefab using Guid(5ade0adca5b02794a9be15e669ced420) Importer(815301076,1909f56bfc062723c751e8b465ee728b)  -> (artifact id: '169c8db95f10bde7790126a683323e69') in 0.010024 seconds 
========================================================================
Received Import Request.
  Time since last request: 1.786804 seconds.
  path: Assets/Prefabs/Enemy.prefab
  artifactKey: Guid(5ade0adca5b02794a9be15e669ced420) Importer(815301076,1909f56bfc062723c751e8b465ee728b)
Start importing Assets/Prefabs/Enemy.prefab using Guid(5ade0adca5b02794a9be15e669ced420) Importer(815301076,1909f56bfc062723c751e8b465ee728b)  -> (artifact id: '820acbf68f88fe62c48b3ec2f144815f') in 0.011226 seconds 
========================================================================
Received Import Request.
  Time since last request: 2.228763 seconds.
  path: Assets/Prefabs/Enemy.prefab
  artifactKey: Guid(5ade0adca5b02794a9be15e669ced420) Importer(815301076,1909f56bfc062723c751e8b465ee728b)
Start importing Assets/Prefabs/Enemy.prefab using Guid(5ade0adca5b02794a9be15e669ced420) Importer(815301076,1909f56bfc062723c751e8b465ee728b)  -> (artifact id: '685cd3772d66cdb924c162cbc2741bcd') in 0.014711 seconds 
========================================================================
Received Prepare
Registering precompiled user dll's ...
Registered in 0.002778 seconds.
Begin MonoManager ReloadAssembly
Symbol file LoadedFromMemory doesn't match image C:\Users\GAME2\Documents\GitHub\Bowend_GameJam_Unity\Library\PackageCache\com.unity.visualscripting@1.7.8\Editor\VisualScripting.Core\Dependencies\YamlDotNet\Unity.VisualScripting.YamlDotNet.dll
Symbol file LoadedFromMemory doesn't match image C:\Users\GAME2\Documents\GitHub\Bowend_GameJam_Unity\Library\PackageCache\com.unity.visualscripting@1.7.8\Editor\VisualScripting.Core\Dependencies\DotNetZip\Unity.VisualScripting.IonicZip.dll
Native extension for WindowsStandalone target not found
Native extension for iOS target not found
Native extension for Android target not found
Refreshing native plugins compatible for Editor in 0.48 ms, found 3 plugins.
Preloading 0 native plugins for Editor in 0.00 ms.
Mono: successfully reloaded assembly
- Completed reload, in  0.685 seconds
Domain Reload Profiling:
	ReloadAssembly (685ms)
		BeginReloadAssembly (86ms)
			ExecutionOrderSort (0ms)
			DisableScriptedObjects (3ms)
			BackupInstance (0ms)
			ReleaseScriptingObjects (0ms)
			CreateAndSetChildDomain (23ms)
		EndReloadAssembly (531ms)
			LoadAssemblies (51ms)
			RebuildTransferFunctionScriptingTraits (0ms)
			SetupTypeCache (171ms)
			ReleaseScriptCaches (1ms)
			RebuildScriptCaches (26ms)
			SetupLoadedEditorAssemblies (248ms)
				LogAssemblyErrors (0ms)
				InitializePlatformSupportModulesInManaged (26ms)
				SetLoadedEditorAssemblies (0ms)
				RefreshPlugins (1ms)
				BeforeProcessingInitializeOnLoad (46ms)
				ProcessInitializeOnLoadAttributes (152ms)
				ProcessInitializeOnLoadMethodAttributes (20ms)
				AfterProcessingInitializeOnLoad (2ms)
				EditorAssembliesLoaded (0ms)
			ExecutionOrderSort2 (0ms)
			AwakeInstancesAfterBackupRestoration (5ms)
Platform modules already initialized, skipping
Refreshing native plugins compatible for Editor in 1.14 ms, found 3 plugins.
Preloading 0 native plugins for Editor in 0.00 ms.
Unloading 3430 Unused Serialized files (Serialized files now loaded: 0)
Unloading 20 unused Assets / (79.8 KB). Loaded Objects now: 3954.
Memory consumption went from 123.5 MB to 123.4 MB.
Total: 1.978300 ms (FindLiveObjects: 0.199400 ms CreateObjectMapping: 0.097300 ms MarkObjects: 1.616200 ms  DeleteObjects: 0.064600 ms)

AssetImportParameters requested are different than current active one (requested -> active):
  custom:video-decoder-ogg-theora: a1e56fd34408186e4bbccfd4996cb3dc -> 
  custom:container-muxer-webm: aa71ff27fc2769a1b78a27578f13a17b -> 
  custom:container-demuxer-webm: 4f35f7cbe854078d1ac9338744f61a02 -> 
  custom:video-encoder-webm-vp8: eb34c28f22e8b96e1ab97ce403110664 -> 
  custom:audio-encoder-webm-vorbis: bf7c407c2cedff20999df2af8eb42d56 -> 
  custom:framework-win-MediaFoundation: 216162199b28c13a410421893ffa2e32 -> 
  custom:container-demuxer-ogg: 62fdf1f143b41e24485cea50d1cbac27 -> 
  custom:video-decoder-webm-vp8: 9c59270c3fd7afecdb556c50c9e8de78 -> 
  custom:audio-decoder-ogg-vorbis: bf7c407c2cedff20999df2af8eb42d56 -> 
========================================================================
Received Import Request.
  Time since last request: 14.913581 seconds.
  path: Assets/Prefabs/Enemy.prefab
  artifactKey: Guid(5ade0adca5b02794a9be15e669ced420) Importer(815301076,1909f56bfc062723c751e8b465ee728b)
Start importing Assets/Prefabs/Enemy.prefab using Guid(5ade0adca5b02794a9be15e669ced420) Importer(815301076,1909f56bfc062723c751e8b465ee728b)  -> (artifact id: 'dff8a987386497fb6d0826f61ae693b5') in 0.070338 seconds 
========================================================================
Received Prepare
Registering precompiled user dll's ...
Registered in 0.002700 seconds.
Begin MonoManager ReloadAssembly
Symbol file LoadedFromMemory doesn't match image C:\Users\GAME2\Documents\GitHub\Bowend_GameJam_Unity\Library\PackageCache\com.unity.visualscripting@1.7.8\Editor\VisualScripting.Core\Dependencies\YamlDotNet\Unity.VisualScripting.YamlDotNet.dll
Symbol file LoadedFromMemory doesn't match image C:\Users\GAME2\Documents\GitHub\Bowend_GameJam_Unity\Library\PackageCache\com.unity.visualscripting@1.7.8\Editor\VisualScripting.Core\Dependencies\DotNetZip\Unity.VisualScripting.IonicZip.dll
Native extension for WindowsStandalone target not found
Native extension for iOS target not found
Native extension for Android target not found
Refreshing native plugins compatible for Editor in 0.45 ms, found 3 plugins.
Preloading 0 native plugins for Editor in 0.00 ms.
Mono: successfully reloaded assembly
- Completed reload, in  0.716 seconds
Domain Reload Profiling:
	ReloadAssembly (717ms)
		BeginReloadAssembly (91ms)
			ExecutionOrderSort (0ms)
			DisableScriptedObjects (3ms)
			BackupInstance (0ms)
			ReleaseScriptingObjects (0ms)
			CreateAndSetChildDomain (25ms)
		EndReloadAssembly (558ms)
			LoadAssemblies (54ms)
			RebuildTransferFunctionScriptingTraits (0ms)
			SetupTypeCache (189ms)
			ReleaseScriptCaches (1ms)
			RebuildScriptCaches (26ms)
			SetupLoadedEditorAssemblies (257ms)
				LogAssemblyErrors (0ms)
				InitializePlatformSupportModulesInManaged (26ms)
				SetLoadedEditorAssemblies (0ms)
				RefreshPlugins (1ms)
				BeforeProcessingInitializeOnLoad (46ms)
				ProcessInitializeOnLoadAttributes (156ms)
				ProcessInitializeOnLoadMethodAttributes (25ms)
				AfterProcessingInitializeOnLoad (3ms)
				EditorAssembliesLoaded (0ms)
			ExecutionOrderSort2 (0ms)
			AwakeInstancesAfterBackupRestoration (5ms)
Platform modules already initialized, skipping
Refreshing native plugins compatible for Editor in 1.13 ms, found 3 plugins.
Preloading 0 native plugins for Editor in 0.00 ms.
Unloading 3430 Unused Serialized files (Serialized files now loaded: 0)
Unloading 20 unused Assets / (79.8 KB). Loaded Objects now: 3957.
Memory consumption went from 123.5 MB to 123.5 MB.
Total: 1.974700 ms (FindLiveObjects: 0.185500 ms CreateObjectMapping: 0.080700 ms MarkObjects: 1.649000 ms  DeleteObjects: 0.058600 ms)

AssetImportParameters requested are different than current active one (requested -> active):
  custom:video-decoder-ogg-theora: a1e56fd34408186e4bbccfd4996cb3dc -> 
  custom:container-muxer-webm: aa71ff27fc2769a1b78a27578f13a17b -> 
  custom:container-demuxer-webm: 4f35f7cbe854078d1ac9338744f61a02 -> 
  custom:video-encoder-webm-vp8: eb34c28f22e8b96e1ab97ce403110664 -> 
  custom:audio-encoder-webm-vorbis: bf7c407c2cedff20999df2af8eb42d56 -> 
  custom:framework-win-MediaFoundation: 216162199b28c13a410421893ffa2e32 -> 
  custom:container-demuxer-ogg: 62fdf1f143b41e24485cea50d1cbac27 -> 
  custom:video-decoder-webm-vp8: 9c59270c3fd7afecdb556c50c9e8de78 -> 
  custom:audio-decoder-ogg-vorbis: bf7c407c2cedff20999df2af8eb42d56 -> 
========================================================================
Received Prepare
Registering precompiled user dll's ...
Registered in 0.002390 seconds.
Begin MonoManager ReloadAssembly
Symbol file LoadedFromMemory doesn't match image C:\Users\GAME2\Documents\GitHub\Bowend_GameJam_Unity\Library\PackageCache\com.unity.visualscripting@1.7.8\Editor\VisualScripting.Core\Dependencies\YamlDotNet\Unity.VisualScripting.YamlDotNet.dll
Symbol file LoadedFromMemory doesn't match image C:\Users\GAME2\Documents\GitHub\Bowend_GameJam_Unity\Library\PackageCache\com.unity.visualscripting@1.7.8\Editor\VisualScripting.Core\Dependencies\DotNetZip\Unity.VisualScripting.IonicZip.dll
Native extension for WindowsStandalone target not found
Native extension for iOS target not found
Native extension for Android target not found
Refreshing native plugins compatible for Editor in 0.40 ms, found 3 plugins.
Preloading 0 native plugins for Editor in 0.00 ms.
Mono: successfully reloaded assembly
- Completed reload, in  0.670 seconds
Domain Reload Profiling:
	ReloadAssembly (671ms)
		BeginReloadAssembly (92ms)
			ExecutionOrderSort (0ms)
			DisableScriptedObjects (4ms)
			BackupInstance (0ms)
			ReleaseScriptingObjects (0ms)
			CreateAndSetChildDomain (28ms)
		EndReloadAssembly (518ms)
			LoadAssemblies (50ms)
			RebuildTransferFunctionScriptingTraits (0ms)
			SetupTypeCache (172ms)
			ReleaseScriptCaches (1ms)
			RebuildScriptCaches (26ms)
			SetupLoadedEditorAssemblies (234ms)
				LogAssemblyErrors (0ms)
				InitializePlatformSupportModulesInManaged (22ms)
				SetLoadedEditorAssemblies (0ms)
				RefreshPlugins (0ms)
				BeforeProcessingInitializeOnLoad (42ms)
				ProcessInitializeOnLoadAttributes (147ms)
				ProcessInitializeOnLoadMethodAttributes (21ms)
				AfterProcessingInitializeOnLoad (3ms)
				EditorAssembliesLoaded (0ms)
			ExecutionOrderSort2 (0ms)
			AwakeInstancesAfterBackupRestoration (5ms)
Platform modules already initialized, skipping
Refreshing native plugins compatible for Editor in 1.10 ms, found 3 plugins.
Preloading 0 native plugins for Editor in 0.00 ms.
Unloading 3430 Unused Serialized files (Serialized files now loaded: 0)
Unloading 20 unused Assets / (79.9 KB). Loaded Objects now: 3960.
Memory consumption went from 123.5 MB to 123.5 MB.
Total: 2.193600 ms (FindLiveObjects: 0.215100 ms CreateObjectMapping: 0.116300 ms MarkObjects: 1.793800 ms  DeleteObjects: 0.067000 ms)

AssetImportParameters requested are different than current active one (requested -> active):
  custom:video-decoder-ogg-theora: a1e56fd34408186e4bbccfd4996cb3dc -> 
  custom:container-muxer-webm: aa71ff27fc2769a1b78a27578f13a17b -> 
  custom:container-demuxer-webm: 4f35f7cbe854078d1ac9338744f61a02 -> 
  custom:video-encoder-webm-vp8: eb34c28f22e8b96e1ab97ce403110664 -> 
  custom:audio-encoder-webm-vorbis: bf7c407c2cedff20999df2af8eb42d56 -> 
  custom:framework-win-MediaFoundation: 216162199b28c13a410421893ffa2e32 -> 
  custom:container-demuxer-ogg: 62fdf1f143b41e24485cea50d1cbac27 -> 
  custom:video-decoder-webm-vp8: 9c59270c3fd7afecdb556c50c9e8de78 -> 
  custom:audio-decoder-ogg-vorbis: bf7c407c2cedff20999df2af8eb42d56 -> 
========================================================================
Received Import Request.
  Time since last request: 28.093189 seconds.
  path: Assets/Prefabs/Enemy.prefab
  artifactKey: Guid(5ade0adca5b02794a9be15e669ced420) Importer(815301076,1909f56bfc062723c751e8b465ee728b)
Start importing Assets/Prefabs/Enemy.prefab using Guid(5ade0adca5b02794a9be15e669ced420) Importer(815301076,1909f56bfc062723c751e8b465ee728b)  -> (artifact id: '28839689ef064aa97d6b88f50fb76c01') in 0.100832 seconds 
========================================================================
Received Import Request.
  Time since last request: 17.783235 seconds.
  path: Assets/Prefabs/Enemy.prefab
  artifactKey: Guid(5ade0adca5b02794a9be15e669ced420) Importer(815301076,1909f56bfc062723c751e8b465ee728b)
Start importing Assets/Prefabs/Enemy.prefab using Guid(5ade0adca5b02794a9be15e669ced420) Importer(815301076,1909f56bfc062723c751e8b465ee728b)  -> (artifact id: 'b5e1a5bfa357763e489336eb7de956e5') in 0.010681 seconds 
========================================================================
Received Import Request.
  Time since last request: 0.968190 seconds.
  path: Assets/Prefabs/Enemy.prefab
  artifactKey: Guid(5ade0adca5b02794a9be15e669ced420) Importer(815301076,1909f56bfc062723c751e8b465ee728b)
Start importing Assets/Prefabs/Enemy.prefab using Guid(5ade0adca5b02794a9be15e669ced420) Importer(815301076,1909f56bfc062723c751e8b465ee728b)  -> (artifact id: '62c53cb807fbb98b783801e6dabe93a0') in 0.012649 seconds 
========================================================================
Received Import Request.
  Time since last request: 0.586061 seconds.
  path: Assets/Prefabs/Enemy.prefab
  artifactKey: Guid(5ade0adca5b02794a9be15e669ced420) Importer(815301076,1909f56bfc062723c751e8b465ee728b)
Start importing Assets/Prefabs/Enemy.prefab using Guid(5ade0adca5b02794a9be15e669ced420) Importer(815301076,1909f56bfc062723c751e8b465ee728b)  -> (artifact id: '985361eb8a75c05d5e547396b5ea079f') in 0.009170 seconds 
========================================================================
Received Import Request.
  Time since last request: 1.205919 seconds.
  path: Assets/Prefabs/Enemy.prefab
  artifactKey: Guid(5ade0adca5b02794a9be15e669ced420) Importer(815301076,1909f56bfc062723c751e8b465ee728b)
Start importing Assets/Prefabs/Enemy.prefab using Guid(5ade0adca5b02794a9be15e669ced420) Importer(815301076,1909f56bfc062723c751e8b465ee728b)  -> (artifact id: '6dcebecac20054085f5089f9906acb27') in 0.009221 seconds 
========================================================================
Received Import Request.
  Time since last request: 1.595739 seconds.
  path: Assets/Prefabs/Enemy.prefab
  artifactKey: Guid(5ade0adca5b02794a9be15e669ced420) Importer(815301076,1909f56bfc062723c751e8b465ee728b)
Start importing Assets/Prefabs/Enemy.prefab using Guid(5ade0adca5b02794a9be15e669ced420) Importer(815301076,1909f56bfc062723c751e8b465ee728b)  -> (artifact id: '12533c25a6975419e049f02b2edbffb4') in 0.009067 seconds 
========================================================================
Received Import Request.
  Time since last request: 3.237770 seconds.
  path: Assets/Prefabs/Enemy.prefab
  artifactKey: Guid(5ade0adca5b02794a9be15e669ced420) Importer(815301076,1909f56bfc062723c751e8b465ee728b)
Start importing Assets/Prefabs/Enemy.prefab using Guid(5ade0adca5b02794a9be15e669ced420) Importer(815301076,1909f56bfc062723c751e8b465ee728b)  -> (artifact id: 'ec0aeafce6a6327ffdb1c22b803110f1') in 0.009845 seconds 
========================================================================
Received Prepare
Registering precompiled user dll's ...
Registered in 0.002719 seconds.
Begin MonoManager ReloadAssembly
Symbol file LoadedFromMemory doesn't match image C:\Users\GAME2\Documents\GitHub\Bowend_GameJam_Unity\Library\PackageCache\com.unity.visualscripting@1.7.8\Editor\VisualScripting.Core\Dependencies\YamlDotNet\Unity.VisualScripting.YamlDotNet.dll
Symbol file LoadedFromMemory doesn't match image C:\Users\GAME2\Documents\GitHub\Bowend_GameJam_Unity\Library\PackageCache\com.unity.visualscripting@1.7.8\Editor\VisualScripting.Core\Dependencies\DotNetZip\Unity.VisualScripting.IonicZip.dll
Native extension for WindowsStandalone target not found
Native extension for iOS target not found
Native extension for Android target not found
Refreshing native plugins compatible for Editor in 0.48 ms, found 3 plugins.
Preloading 0 native plugins for Editor in 0.00 ms.
Mono: successfully reloaded assembly
- Completed reload, in  0.688 seconds
Domain Reload Profiling:
	ReloadAssembly (689ms)
		BeginReloadAssembly (92ms)
			ExecutionOrderSort (0ms)
			DisableScriptedObjects (3ms)
			BackupInstance (0ms)
			ReleaseScriptingObjects (0ms)
			CreateAndSetChildDomain (29ms)
		EndReloadAssembly (525ms)
			LoadAssemblies (51ms)
			RebuildTransferFunctionScriptingTraits (0ms)
			SetupTypeCache (171ms)
			ReleaseScriptCaches (1ms)
			RebuildScriptCaches (26ms)
			SetupLoadedEditorAssemblies (248ms)
				LogAssemblyErrors (0ms)
				InitializePlatformSupportModulesInManaged (24ms)
				SetLoadedEditorAssemblies (0ms)
				RefreshPlugins (1ms)
				BeforeProcessingInitializeOnLoad (47ms)
				ProcessInitializeOnLoadAttributes (153ms)
				ProcessInitializeOnLoadMethodAttributes (20ms)
				AfterProcessingInitializeOnLoad (2ms)
				EditorAssembliesLoaded (0ms)
			ExecutionOrderSort2 (0ms)
			AwakeInstancesAfterBackupRestoration (4ms)
Platform modules already initialized, skipping
Refreshing native plugins compatible for Editor in 1.18 ms, found 3 plugins.
Preloading 0 native plugins for Editor in 0.00 ms.
Unloading 3430 Unused Serialized files (Serialized files now loaded: 0)
Unloading 20 unused Assets / (79.7 KB). Loaded Objects now: 3963.
Memory consumption went from 123.6 MB to 123.5 MB.
Total: 2.113500 ms (FindLiveObjects: 0.210200 ms CreateObjectMapping: 0.157400 ms MarkObjects: 1.685500 ms  DeleteObjects: 0.059500 ms)

AssetImportParameters requested are different than current active one (requested -> active):
  custom:video-decoder-ogg-theora: a1e56fd34408186e4bbccfd4996cb3dc -> 
  custom:container-muxer-webm: aa71ff27fc2769a1b78a27578f13a17b -> 
  custom:container-demuxer-webm: 4f35f7cbe854078d1ac9338744f61a02 -> 
  custom:video-encoder-webm-vp8: eb34c28f22e8b96e1ab97ce403110664 -> 
  custom:audio-encoder-webm-vorbis: bf7c407c2cedff20999df2af8eb42d56 -> 
  custom:framework-win-MediaFoundation: 216162199b28c13a410421893ffa2e32 -> 
  custom:container-demuxer-ogg: 62fdf1f143b41e24485cea50d1cbac27 -> 
  custom:video-decoder-webm-vp8: 9c59270c3fd7afecdb556c50c9e8de78 -> 
  custom:audio-decoder-ogg-vorbis: bf7c407c2cedff20999df2af8eb42d56 -> 
========================================================================
Received Import Request.
  Time since last request: 35.518803 seconds.
  path: Assets/Scripts/Enemy.cs
  artifactKey: Guid(eaeff2f9e2c45ef43b76ccb259bbfd25) Importer(815301076,1909f56bfc062723c751e8b465ee728b)
Start importing Assets/Scripts/Enemy.cs using Guid(eaeff2f9e2c45ef43b76ccb259bbfd25) Importer(815301076,1909f56bfc062723c751e8b465ee728b)  -> (artifact id: '7e251c6fab5832fd17b71aacd7315319') in 0.008865 seconds 
========================================================================
Received Import Request.
  Time since last request: 12.397332 seconds.
  path: Assets/Scripts/Enemy.cs
  artifactKey: Guid(eaeff2f9e2c45ef43b76ccb259bbfd25) Importer(815301076,1909f56bfc062723c751e8b465ee728b)
Start importing Assets/Scripts/Enemy.cs using Guid(eaeff2f9e2c45ef43b76ccb259bbfd25) Importer(815301076,1909f56bfc062723c751e8b465ee728b)  -> (artifact id: '1d9f556fa2e7f60e2161e3740ea42ea0') in 0.002017 seconds 
========================================================================
Received Prepare
Registering precompiled user dll's ...
Registered in 0.002360 seconds.
Begin MonoManager ReloadAssembly
Symbol file LoadedFromMemory doesn't match image C:\Users\GAME2\Documents\GitHub\Bowend_GameJam_Unity\Library\PackageCache\com.unity.visualscripting@1.7.8\Editor\VisualScripting.Core\Dependencies\YamlDotNet\Unity.VisualScripting.YamlDotNet.dll
Symbol file LoadedFromMemory doesn't match image C:\Users\GAME2\Documents\GitHub\Bowend_GameJam_Unity\Library\PackageCache\com.unity.visualscripting@1.7.8\Editor\VisualScripting.Core\Dependencies\DotNetZip\Unity.VisualScripting.IonicZip.dll
Native extension for WindowsStandalone target not found
Native extension for iOS target not found
Native extension for Android target not found
Refreshing native plugins compatible for Editor in 0.84 ms, found 3 plugins.
Preloading 0 native plugins for Editor in 0.00 ms.
Mono: successfully reloaded assembly
- Completed reload, in  0.704 seconds
Domain Reload Profiling:
	ReloadAssembly (705ms)
		BeginReloadAssembly (91ms)
			ExecutionOrderSort (0ms)
			DisableScriptedObjects (4ms)
			BackupInstance (0ms)
			ReleaseScriptingObjects (0ms)
			CreateAndSetChildDomain (27ms)
		EndReloadAssembly (553ms)
			LoadAssemblies (51ms)
			RebuildTransferFunctionScriptingTraits (0ms)
			SetupTypeCache (200ms)
			ReleaseScriptCaches (1ms)
			RebuildScriptCaches (27ms)
			SetupLoadedEditorAssemblies (244ms)
				LogAssemblyErrors (0ms)
				InitializePlatformSupportModulesInManaged (25ms)
				SetLoadedEditorAssemblies (0ms)
				RefreshPlugins (1ms)
				BeforeProcessingInitializeOnLoad (50ms)
				ProcessInitializeOnLoadAttributes (145ms)
				ProcessInitializeOnLoadMethodAttributes (19ms)
				AfterProcessingInitializeOnLoad (3ms)
				EditorAssembliesLoaded (0ms)
			ExecutionOrderSort2 (0ms)
			AwakeInstancesAfterBackupRestoration (4ms)
Platform modules already initialized, skipping
Refreshing native plugins compatible for Editor in 1.07 ms, found 3 plugins.
Preloading 0 native plugins for Editor in 0.00 ms.
Unloading 3430 Unused Serialized files (Serialized files now loaded: 0)
Unloading 20 unused Assets / (79.9 KB). Loaded Objects now: 3966.
Memory consumption went from 123.6 MB to 123.5 MB.
Total: 2.170700 ms (FindLiveObjects: 0.173100 ms CreateObjectMapping: 0.080100 ms MarkObjects: 1.853500 ms  DeleteObjects: 0.063400 ms)

AssetImportParameters requested are different than current active one (requested -> active):
  custom:video-decoder-ogg-theora: a1e56fd34408186e4bbccfd4996cb3dc -> 
  custom:container-muxer-webm: aa71ff27fc2769a1b78a27578f13a17b -> 
  custom:container-demuxer-webm: 4f35f7cbe854078d1ac9338744f61a02 -> 
  custom:video-encoder-webm-vp8: eb34c28f22e8b96e1ab97ce403110664 -> 
  custom:audio-encoder-webm-vorbis: bf7c407c2cedff20999df2af8eb42d56 -> 
  custom:framework-win-MediaFoundation: 216162199b28c13a410421893ffa2e32 -> 
  custom:container-demuxer-ogg: 62fdf1f143b41e24485cea50d1cbac27 -> 
  custom:video-decoder-webm-vp8: 9c59270c3fd7afecdb556c50c9e8de78 -> 
  custom:audio-decoder-ogg-vorbis: bf7c407c2cedff20999df2af8eb42d56 -> 
========================================================================
Received Prepare
Registering precompiled user dll's ...
Registered in 0.002525 seconds.
Begin MonoManager ReloadAssembly
Symbol file LoadedFromMemory doesn't match image C:\Users\GAME2\Documents\GitHub\Bowend_GameJam_Unity\Library\PackageCache\com.unity.visualscripting@1.7.8\Editor\VisualScripting.Core\Dependencies\YamlDotNet\Unity.VisualScripting.YamlDotNet.dll
Symbol file LoadedFromMemory doesn't match image C:\Users\GAME2\Documents\GitHub\Bowend_GameJam_Unity\Library\PackageCache\com.unity.visualscripting@1.7.8\Editor\VisualScripting.Core\Dependencies\DotNetZip\Unity.VisualScripting.IonicZip.dll
Native extension for WindowsStandalone target not found
Native extension for iOS target not found
Native extension for Android target not found
Refreshing native plugins compatible for Editor in 0.67 ms, found 3 plugins.
Preloading 0 native plugins for Editor in 0.00 ms.
Mono: successfully reloaded assembly
- Completed reload, in  0.670 seconds
Domain Reload Profiling:
	ReloadAssembly (671ms)
		BeginReloadAssembly (86ms)
			ExecutionOrderSort (0ms)
			DisableScriptedObjects (4ms)
			BackupInstance (0ms)
			ReleaseScriptingObjects (0ms)
			CreateAndSetChildDomain (23ms)
		EndReloadAssembly (523ms)
			LoadAssemblies (48ms)
			RebuildTransferFunctionScriptingTraits (0ms)
			SetupTypeCache (169ms)
			ReleaseScriptCaches (1ms)
			RebuildScriptCaches (28ms)
			SetupLoadedEditorAssemblies (245ms)
				LogAssemblyErrors (0ms)
				InitializePlatformSupportModulesInManaged (22ms)
				SetLoadedEditorAssemblies (0ms)
				RefreshPlugins (1ms)
				BeforeProcessingInitializeOnLoad (45ms)
				ProcessInitializeOnLoadAttributes (153ms)
				ProcessInitializeOnLoadMethodAttributes (21ms)
				AfterProcessingInitializeOnLoad (3ms)
				EditorAssembliesLoaded (0ms)
			ExecutionOrderSort2 (0ms)
			AwakeInstancesAfterBackupRestoration (4ms)
Platform modules already initialized, skipping
Refreshing native plugins compatible for Editor in 1.29 ms, found 3 plugins.
Preloading 0 native plugins for Editor in 0.00 ms.
Unloading 3430 Unused Serialized files (Serialized files now loaded: 0)
Unloading 20 unused Assets / (79.9 KB). Loaded Objects now: 3969.
Memory consumption went from 123.6 MB to 123.5 MB.
Total: 2.070900 ms (FindLiveObjects: 0.190300 ms CreateObjectMapping: 0.099700 ms MarkObjects: 1.712900 ms  DeleteObjects: 0.066900 ms)

AssetImportParameters requested are different than current active one (requested -> active):
  custom:video-decoder-ogg-theora: a1e56fd34408186e4bbccfd4996cb3dc -> 
  custom:container-muxer-webm: aa71ff27fc2769a1b78a27578f13a17b -> 
  custom:container-demuxer-webm: 4f35f7cbe854078d1ac9338744f61a02 -> 
  custom:video-encoder-webm-vp8: eb34c28f22e8b96e1ab97ce403110664 -> 
  custom:audio-encoder-webm-vorbis: bf7c407c2cedff20999df2af8eb42d56 -> 
  custom:framework-win-MediaFoundation: 216162199b28c13a410421893ffa2e32 -> 
  custom:container-demuxer-ogg: 62fdf1f143b41e24485cea50d1cbac27 -> 
  custom:video-decoder-webm-vp8: 9c59270c3fd7afecdb556c50c9e8de78 -> 
  custom:audio-decoder-ogg-vorbis: bf7c407c2cedff20999df2af8eb42d56 -> 
